0.076907
0.076029
0.079402
0.079005
0.118965
0.077211
0.07625
0.104636
0.073881
0.077755
0.074396
0.075063
0.085673
0.076014
0.08934
0.080523
0.073444
0.079527
0.078702
0.077957
0.076519
0.072674
0.074275
0.076563
0.075284
0.073873
0.078569
0.073736
0.073463
0.073071
0.072774
0.099009
0.088208
0.076139
0.076515
0.075288
0.07936
0.076431
0.076681
0.076673
0.073637
0.07626
0.075698
0.076027
0.110893
0.09612
0.07821
0.076419
0.10676
0.099226
0.08366
0.075123
0.10133
0.088699
0.074683
0.076414
0.07634
0.075644
0.074511
0.088793
0.073105
0.074696
0.078397
0.07383
0.077156
0.077157
0.076606
0.077646
0.074311
0.076846
0.076038
0.07619
0.097132
0.080953
0.076422
0.076141
0.075955
0.074757
0.078758
0.074001
0.073827
0.084411
0.082085
0.073198
0.075407
0.074492
0.078321
0.080257
0.077567
0.111527
0.107587
0.090622
0.075069
0.127466
0.114629
0.098834
0.083056
0.126489
0.108362
0.093755
0.075106
0.073377
0.073982
0.075602
0.073689
0.073807
0.07351
0.073251
0.079209
0.075908
0.076794
0.095959
0.083464
0.078765
0.073481
0.074505
0.078954
0.073769
0.075443
0.078397
0.075678
0.075451
0.077067
0.077841
0.073315
0.075501
0.078424
0.078337
0.073926
0.07491
0.076342
0.075501
0.078274
0.076686
0.073831
0.21706
0.203208
0.185863
0.173282
0.158675
0.144443
0.129157
0.112842
0.096613
0.081733
0.072798
0.074793
0.188455
0.177844
0.161734
0.145758
0.129756
0.113753
0.098834
0.082868
0.085301
0.076431
0.142269
0.13539
0.119986
0.10447
0.087948
0.079462
0.074698
0.174415
0.1679
0.152491
0.136936
0.122832
0.106528
0.091122
0.074993
0.073993
0.183939
0.181731
0.164779
0.148981
0.132753
0.117469
0.102225
0.086135
0.075163
0.077047
0.169905
0.174064
0.159553
0.142993
0.1274
0.110799
0.096299
0.159023
0.14192
0.132407
0.11722
0.116961
0.100345
0.08347
0.078418
0.075581
0.076173
0.075765
0.074083
0.077526
0.078693
0.073903
0.07416
0.078227
0.077078
0.077507
0.077055
0.077342
0.077902
0.079511
0.077144
0.077979
0.077935
0.079621
0.073753
0.076654
0.082101
0.077237
0.07449
0.073355
0.07854
0.079231
0.114416
0.098528
0.083286
0.081248
0.110141
0.096584
0.079791
0.097133
0.088515
0.098753
0.102241
0.086718
0.075992
0.086363
0.077765
0.076462
0.0729
0.072939
0.076834
0.073937
0.07315
0.073788
0.077831
0.075695
0.081215
0.079201
0.078182
0.076128
0.074871
0.083191
0.075394
0.086135
0.086586
0.084592
0.081361
0.076502
0.075518
0.075565
0.07409
0.074491
0.077544
0.077705
0.074022
0.081453
0.077078
0.075526
0.133605
0.124125
0.107645
0.092508
0.076155
0.115058
0.09963
0.081807
0.075461
0.112101
0.096246
0.08133
0.075364
0.076627
0.075736
0.075684
0.081867
0.080834
0.07765
0.077498
0.076274
0.076896
0.076553
0.076207
0.075791
0.07617
0.074908
0.075515
0.074422
0.074579
0.085829
0.075379
0.075051
0.074211
0.074932
0.074598
0.087838
0.074416
0.074684
0.074761
0.074112
0.073939
0.092584
0.079354
0.074058
0.111606
0.096425
0.082247
0.180394
0.176965
0.164365
0.148138
0.137058
0.125309
0.109403
0.093416
0.078218
0.077039
0.073553
0.076282
0.07543
0.07861
0.078788
0.078867
0.075865
0.075137
0.075613
0.074961
0.07765
0.081444
0.076156
0.075673
0.076538
0.076957
0.079784
0.079523
0.073332
0.074177
0.077443
0.076098
0.077209
0.075072
0.097235
0.087985
0.073354
0.075423
0.078169
0.076373
0.076995
0.072409
0.118689
0.102381
0.085513
0.081453
0.111224
0.096045
0.079822
0.073832
0.107916
0.092019
0.075925
0.078103
0.077381
0.07762
0.075117
0.073736
0.074029
0.075266
0.075468
0.077104
0.074515
0.074306
0.074079
0.075466
0.075642
0.076396
0.074895
0.075466
0.080442
0.075939
0.074631
0.074494
0.076776
0.094902
0.079731
0.108597
0.093703
0.077705
0.073578
0.076179
0.076858
0.075451
0.076007
0.074954
0.074307
0.074832
0.106962
0.091542
0.07536
0.11418
0.098077
0.090876
0.074782
0.073655
0.105431
0.089369
0.07406
0.077747
0.07734
0.077947
0.076492
0.07731
0.072897
0.074725
0.077884
0.074841
0.088705
0.074157
0.073038
0.073413
0.073493
0.072957
0.075848
0.088606
0.07662
0.075609
0.080589
0.074567
0.074871
0.074713
0.081071
0.074563
0.074956
0.076386
0.073363
0.073493
0.075127
0.073443
0.074586
0.07329
0.080693
0.118507
0.101638
0.086403
0.075866
0.115523
0.100075
0.084538
0.073717
0.112059
0.097032
0.080806
0.075953
0.075394
0.075373
0.079042
0.073577
0.073108
0.076697
0.073635
0.077576
0.084502
0.073511
0.096177
0.08626
0.077284
0.077909
0.077584
0.074345
0.078511
0.076164
0.075827
0.075849
0.077402
0.074185
0.077328
0.075424
0.077345
0.075395
0.077549
0.07762
0.076595
0.07758
0.076015
0.076717
0.078527
0.109848
0.093965
0.077321
0.073414
0.118419
0.108325
0.09222
0.130387
0.115821
0.100681
0.084149
0.07645
0.075843
0.073937
0.076252
0.074364
0.076531
0.076387
0.094061
0.082939
0.075557
0.075029
0.073606
0.07494
0.075091
0.078896
0.079185
0.072699
0.077755
0.073932
0.075541
0.075772
0.075651
0.076293
0.078808
0.075607
0.07574
0.075928
0.074946
0.080994
0.077918
0.076491
0.075525
0.112607
0.097684
0.081698
0.076822
0.108097
0.090938
0.076258
0.112328
0.105391
0.089111
0.076132
0.076278
0.096367
0.080089
0.077647
0.074019
0.073983
0.075736
0.075733
0.076293
0.074049
0.076133
0.075061
0.076217
0.07522
0.075034
0.076798
0.074371
0.078733
0.074193
0.073961
0.073474
0.077772
0.077762
0.077304
0.078112
0.077757
0.077529
0.076206
0.07514
0.078776
0.074699
0.074827
0.079773
0.073119
0.120499
0.106731
0.093145
0.076016
0.111976
0.096929
0.082714
0.074614
0.089888
0.115838
0.106152
0.091179
0.077572
0.076718
0.075321
0.077809
0.075053
0.078108
0.074325
0.075298
0.076315
0.078071
0.076978
0.074293
0.07463
0.075038
0.091048
0.087358
0.088028
0.084985
0.07635
0.077393
0.075049
0.079241
0.075038
0.078705
0.076546
0.076824
0.077558
0.076612
0.07843
0.0753
0.076435
0.073125
0.078076
0.150498
0.134757
0.130131
0.118413
0.102815
0.08587
0.107495
0.100788
0.085207
0.074497
0.109115
0.093978
0.078299
0.075327
0.07317
0.076292
0.074585
0.075643
0.075964
0.076908
0.079566
0.10435
0.087523
0.075593
0.073678
0.076458
0.073492
0.074343
0.078516
0.076526
0.077719
0.076736
0.075685
0.084851
0.076934
0.077114
0.075769
0.075736
0.075347
0.074112
0.075718
0.079895
0.074704
0.099501
0.083802
0.073132
0.125204
0.109517
0.094657
0.07877
0.107382
0.092527
0.078708
0.074957
0.111575
0.093842
0.078183
0.07717
0.077479
0.072969
0.080491
0.076878
0.07741
0.076238
0.076223
0.075708
0.07452
0.073651
0.075774
0.073674
0.073837
0.075952
0.075321
0.075004
0.081215
0.073573
0.074616
0.075755
0.075363
0.074226
0.080911
0.075328
0.076913
0.075406
0.095063
0.07863
0.074589
0.074495
0.074401
0.076325
0.074994
0.110878
0.094857
0.078871
0.076178
0.114848
0.098834
0.082872
0.075415
0.114537
0.098229
0.082623
0.074882
0.076181
0.075913
0.078096
0.076306
0.075263
0.075132
0.081612
0.078765
0.075074
0.077909
0.077713
0.077762
0.082569
0.079744
0.076295
0.078142
0.077393
0.077809
0.076974
0.077397
0.094692
0.088112
0.0744
0.07533
0.074146
0.075527
0.07667
0.097347
0.081817
0.080387
0.07555
0.075151
0.07536
0.078373
0.111974
0.095659
0.079327
0.074106
0.111577
0.09663
0.079853
0.078322
0.110755
0.09459
0.079066
0.082446
0.079755
0.083228
0.076614
0.074761
0.073992
0.07539
0.080231
0.0761
0.076831
0.078311
0.075506
0.075224
0.075117
0.074039
0.076834
0.094092
0.078341
0.073776
0.073121
0.07381
0.072745
0.078402
0.076139
0.078294
0.074047
0.07334
0.074275
0.088959
0.078546
0.074451
0.076393
0.07584
0.116697
0.102318
0.086109
0.076355
0.11696
0.101454
0.08488
0.074502
0.113221
0.101743
0.094914
0.087165
0.073263
0.078811
0.078412
0.083492
0.082806
0.079367
0.076958
0.076723
0.075324
0.074324
0.076671
0.075123
0.092328
0.075621
0.074907
0.079177
0.078831
0.088492
0.086432
0.079785
0.074112
0.077704
0.079976
0.076991
0.081429
0.087044
0.075725
0.08719
0.07466
0.078986
0.079413
0.074899
0.075586
0.077953
0.109259
0.096434
0.08122
0.076357
0.11555
0.096586
0.084031
0.129765
0.113654
0.097387
0.082613
0.076624
0.079559
0.076409
0.076393
0.080063
0.08072
0.107675
0.091353
0.076944
0.093684
0.076954
0.076755
0.076082
0.074438
0.076361
0.076524
0.073195
0.077517
0.077369
0.08033
0.076614
0.074498
0.081038
0.074052
0.079005
0.077885
0.073594
0.077614
0.079979
0.080357
0.07513
0.075418
0.077222
0.079435
0.113126
0.110323
0.094816
0.078587
0.087539
0.102841
0.087792
0.075313
0.088913
0.108632
0.09043
0.087628
0.076855
0.092889
0.076926
0.07566
0.076431
0.080058
0.075771
0.074415
0.078935
0.077127
0.077033
0.094422
0.078272
0.077577
0.07954
0.076053
0.076953
0.076197
0.077479
0.076572
0.07636
0.081356
0.074454
0.08605
0.078469
0.078494
0.074421
0.076672
0.087038
0.084888
0.073819
0.076649
0.075526
0.073765
0.11651
0.100257
0.083862
0.075284
0.107896
0.090916
0.074773
0.095928
0.080619
0.121488
0.104148
0.087117
0.088602
0.080561
0.075413
0.076282
0.075106
0.075267
0.073648
0.076691
0.077453
0.074985
0.076878
0.076472
0.076768
0.085049
0.081169
0.075738
0.073971
0.075651
0.07634
0.07736
0.075305
0.082289
0.074817
0.074609
0.074869
0.075758
0.075237
0.078661
0.074426
0.07439
0.094554
0.078923
0.075212
0.139001
0.123248
0.1076
0.091892
0.074741
0.116998
0.101254
0.086346
0.075295
0.115061
0.099936
0.083779
0.077113
0.075287
0.074921
0.076083
0.077355
0.073211
0.077368
0.072862
0.080192
0.074252
0.07703
0.078278
0.079127
0.078044
0.094339
0.07812
0.07583
0.077418
0.075667
0.076572
0.074211
0.076255
0.075047
0.076797
0.075376
0.07494
0.074364
0.074206
0.078047
0.074106
0.072727
0.085086
0.076899
0.120401
0.10743
0.092286
0.076312
0.117036
0.107174
0.091799
0.075344
0.124619
0.107979
0.091657
0.076345
0.077894
0.075378
0.07338
0.073144
0.074762
0.074283
0.072991
0.075582
0.075581
0.075018
0.075095
0.078644
0.073845
0.074026
0.074089
0.075113
0.074392
0.077689
0.073556
0.075706
0.073295
0.076103
0.074696
0.073573
0.072885
0.076101
0.099206
0.084955
0.077168
0.077444
0.074647
0.073379
0.076575
0.076874
0.111986
0.09618
0.081007
0.079359
0.128454
0.112285
0.096151
0.079918
0.111676
0.094406
0.078322
0.077162
0.076973
0.07702
0.078255
0.077903
0.077459
0.077884
0.075542
0.080725
0.075613
0.077126
0.076447
0.076121
0.075598
0.077085
0.077051
0.076335
0.074591
0.097515
0.081359
0.074362
0.101044
0.084789
0.074738
0.07352
0.073275
0.076359
0.077833
0.07797
0.076135
0.075846
0.076217
0.073779
0.075095
0.106534
0.089604
0.077278
0.116255
0.109165
0.098747
0.082433
0.076089
0.073459
0.104949
0.09436
0.081019
0.07653
0.083361
0.073037
0.074474
0.077873
0.077397
0.074942
0.080618
0.073971
0.074464
0.073468
0.073953
0.074001
0.075434
0.077176
0.076047
0.091738
0.076293
0.077722
0.073922
0.076374
0.073029
0.074097
0.077314
0.075589
0.077443
0.074561
0.07763
0.073568
0.084171
0.079108
0.07898
0.074847
0.127787
0.111309
0.096189
0.080294
0.120315
0.104028
0.089084
0.073331
0.117091
0.101293
0.084483
0.074821
0.078269
0.074105
0.076408
0.076112
0.079065
0.076838
0.077888
0.076733
0.075783
0.0727
0.076689
0.096539
0.080793
0.074734
0.077694
0.087489
0.078029
0.076107
0.075056
0.074461
0.07486
0.075512
0.075357
0.074264
0.074991
0.074146
0.074194
0.075288
0.082109
0.076837
0.105237
0.089584
0.076843
0.079915
0.167736
0.151946
0.136593
0.120146
0.111302
0.095211
0.078385
0.073502
0.100608
0.094988
0.079333
0.074524
0.083219
0.07604
0.073561
0.080302
0.077931
0.096342
0.081758
0.072919
0.075162
0.077
0.078896
0.077167
0.076054
0.077078
0.076881
0.07656
0.076152
0.075666
0.074536
0.075231
0.073658
0.074536
0.073671
0.077023
0.078099
0.076941
0.076413
0.075479
0.074495
0.075527
0.074263
0.073488
0.07744
0.116266
0.100558
0.086127
0.076945
0.123475
0.10858
0.092848
0.078756
0.118239
0.102962
0.087449
0.074498
0.075196
0.089656
0.076104
0.07557
0.076613
0.076632
0.077446
0.07543
0.075472
0.075116
0.074678
0.074453
0.074522
0.078734
0.074438
0.077995
0.074882
0.081801
0.074632
0.077284
0.076894
0.081102
0.075723
0.075702
0.075502
0.076041
0.074933
0.073499
0.088545
0.090323
0.077898
0.083408
0.080939
0.113644
0.098504
0.082516
0.077616
0.1144
0.098412
0.082566
0.094042
0.085034
0.14043
0.124454
0.108499
0.093069
0.087752
0.076738
0.074188
0.104788
0.088665
0.084656
0.080774
0.073989
0.073795
0.073415
0.073506
0.092761
0.077329
0.0747
0.082319
0.077369
0.074227
0.07556
0.074886
0.077937
0.082378
0.077442
0.076294
0.07485
0.078645
0.074765
0.073876
0.077521
0.075586
0.073506
0.073811
0.076141
0.073904
0.139086
0.122983
0.106444
0.09052
0.07629
0.111863
0.096965
0.080989
0.079263
0.118833
0.101027
0.086781
0.088048
0.082798
0.074844
0.077467
0.076221
0.102739
0.087001
0.074809
0.078416
0.085387
0.084187
0.082792
0.07714
0.07607
0.076887
0.078206
0.073964
0.076216
0.075738
0.074209
0.073844
0.074669
0.079595
0.074851
0.074036
0.072724
0.073213
0.074023
0.079252
0.081201
0.075814
0.097752
0.082115
0.112115
0.10119
0.085253
0.074168
0.114306
0.100483
0.088582
0.075057
0.110875
0.096798
0.080924
0.07598
0.075196
0.075497
0.075705
0.075975
0.082079
0.075514
0.102687
0.085849
0.074128
0.074326
0.075685
0.076177
0.075949
0.07889
0.092894
0.076935
0.077766
0.076534
0.073446
0.080369
0.079197
0.074683
0.073835
0.073143
0.076303
0.123011
0.108089
0.092474
0.075677
0.07893
0.0751
0.089376
0.075688
0.110463
0.095735
0.086583
0.076946
0.119228
0.112981
0.103324
0.087629
0.074584
0.116506
0.099048
0.083827
0.077738
0.075521
0.08103
0.076468
0.074736
0.077967
0.076778
0.076017
0.076517
0.073489
0.079778
0.074081
0.074438
0.075965
0.074875
0.074832
0.074644
0.075286
0.079241
0.078951
0.077221
0.10002
0.084094
0.075752
0.085465
0.075158
0.090999
0.075152
0.074778
0.07383
0.075519
0.072537
0.077953
0.077101
0.105078
0.089755
0.074273
0.077013
0.10467
0.089549
0.076964
0.118012
0.103105
0.089647
0.074211
0.077992
0.07859
0.076376
0.074371
0.075143
0.076255
0.076451
0.075114
0.076291
0.078259
0.0755
0.076168
0.078286
0.077466
0.077204
0.073961
0.074577
0.090518
0.078085
0.076295
0.074998
0.075578
0.076658
0.085628
0.076458
0.076365
0.075574
0.076178
0.077279
0.076287
0.076463
0.07543
0.079986
0.073967
0.117892
0.103075
0.087973
0.073926
0.120492
0.10453
0.088533
0.077228
0.129006
0.112959
0.097859
0.081277
0.076293
0.099682
0.084519
0.079858
0.076551
0.078217
0.076227
0.077122
0.076168
0.077055
0.084448
0.091109
0.076117
0.075178
0.076179
0.076147
0.079963
0.083107
0.077499
0.078217
0.074278
0.074555
0.075105
0.075991
0.09292
0.076748
0.07552
0.086685
0.077949
0.078543
0.074458
0.078108
0.076113
0.07398
0.109177
0.096984
0.082674
0.074246
0.107648
0.090877
0.080462
0.077199
0.133157
0.118425
0.10286
0.088911
0.07488
0.074695
0.077173
0.076026
0.076151
0.0957
0.091126
0.080537
0.07698
0.077501
0.07606
0.078407
0.075787
0.08246
0.075033
0.075307
0.075469
0.075251
0.079153
0.074141
0.078846
0.076542
0.077261
0.077134
0.072461
0.077481
0.090301
0.076054
0.075608
0.078219
0.076804
0.078186
0.074548
0.106744
0.090482
0.075255
0.075073
0.104513
0.092665
0.076014
0.074874
0.121032
0.104973
0.090107
0.085393
0.074249
0.136737
0.120786
0.104976
0.089854
0.096191
0.080643
0.085482
0.087939
0.081535
0.077155
0.077046
0.074954
0.07675
0.074067
0.081021
0.080487
0.074065
0.082535
0.075401
0.075937
0.076092
0.077675
0.074391
0.0747
0.075385
0.075432
0.075247
0.07588
0.075252
0.075481
0.075869
0.074805
0.115483
0.106046
0.089914
0.073869
0.114803
0.105109
0.089577
0.074008
0.092807
0.076926
0.111091
0.095229
0.079503
0.078373
0.076281
0.075386
0.074544
0.078303
0.074699
0.075698
0.073952
0.076498
0.078214
0.074537
0.084114
0.075017
0.078528
0.074832
0.072515
0.072389
0.076503
0.077375
0.072476
0.074527
0.07639
0.075375
0.077688
0.081317
0.078106
0.074963
0.077908
0.07645
0.073511
0.076797
0.07705
0.074981
0.149787
0.13229
0.116205
0.100678
0.084867
0.135802
0.166307
0.149281
0.135043
0.118357
0.102765
0.08606
0.075436
0.076882
0.081012
0.077567
0.078025
0.07673
0.077523
0.094788
0.077962
0.076384
0.07739
0.076869
0.075829
0.076284
0.076764
0.085809
0.080848
0.081076
0.075487
0.073409
0.074613
0.076245
0.07587
0.076357
0.078102
0.075469
0.076929
0.074474
0.077083
0.074047
0.097923
0.091901
0.125864
0.10976
0.09326
0.082269
0.076781
0.0753
0.173314
0.157306
0.140456
0.124497
0.109593
0.093875
0.078696
0.080833
0.087069
0.100813
0.084552
0.073796
0.074483
0.074417
0.074705
0.075118
0.074054
0.077509
0.077488
0.074298
0.074026
0.078226
0.075876
0.073581
0.076592
0.076612
0.076254
0.076535
0.074871
0.075601
0.077096
0.076115
0.074206
0.08792
0.073517
0.080548
0.07401
0.079554
0.075216
0.074596
0.113174
0.097519
0.082703
0.076828
0.111909
0.095594
0.080526
0.135797
0.123
0.109169
0.093347
0.078638
0.076851
0.073207
0.076822
0.074681
0.076909
0.078688
0.074142
0.074185
0.074854
0.076665
0.074755
0.074013
0.078388
0.092659
0.07793
0.07717
0.093281
0.076482
0.076233
0.076107
0.077294
0.096419
0.080509
0.073597
0.082911
0.076634
0.077129
0.077653
0.07425
0.075648
0.084818
0.094522
0.081338
0.118243
0.102224
0.086249
0.13721
0.125448
0.110595
0.093986
0.075755
0.113212
0.103912
0.089055
0.074557
0.075331
0.076296
0.07303
0.077942
0.080533
0.074333
0.09163
0.088453
0.075134
0.074405
0.074664
0.074153
0.077467
0.077903
0.078103
0.10109
0.093667
0.077186
0.076675
0.075823
0.076348
0.111663
0.095202
0.082859
0.074002
0.096719
0.094168
0.115784
0.099
0.08374
0.076032
0.07579
0.077918
0.07772
0.110951
0.09758
0.081387
0.13613
0.120845
0.103951
0.090303
0.121028
0.110775
0.094319
0.078135
0.076504
0.074559
0.075359
0.075195
0.077969
0.075692
0.076836
0.080507
0.075023
0.074921
0.108546
0.098534
0.083189
0.074508
0.074647
0.0789
0.078335
0.078167
0.077023
0.077249
0.077257
0.076454
0.077147
0.074977
0.081941
0.073911
0.076837
0.076497
0.07673
0.074643
0.07754
0.075982
0.075175
0.08021
0.109824
0.094037
0.078037
0.079477
0.112633
0.096008
0.080258
0.073991
0.104636
0.08805
0.082128
0.075975
0.07419
0.074524
0.074255
0.074686
0.077924
0.078286
0.09569
0.080593
0.074626
0.075549
0.077861
0.088809
0.081578
0.074752
0.077426
0.076417
0.074381
0.074266
0.074145
0.074913
0.074261
0.074774
0.073878
0.076307
0.074484
0.075259
0.073561
0.076516
0.084118
0.075978
0.07587
0.074596
0.074378
0.11273
0.110863
0.09477
0.079129
0.11652
0.102372
0.086189
0.075485
0.13748
0.123631
0.106912
0.091082
0.100178
0.111543
0.095739
0.079954
0.074312
0.076511
0.074056
0.073533
0.078046
0.073152
0.077813
0.077821
0.077326
0.074233
0.073819
0.072844
0.072956
0.074694
0.074228
0.073263
0.079235
0.072789
0.07473
0.072919
0.074177
0.073994
0.073349
0.073642
0.073984
0.074229
0.076911
0.076359
0.077306
0.092486
0.120487
0.104621
0.088749
0.080161
0.195455
0.180415
0.164344
0.147184
0.131541
0.115041
0.1004
0.084597
0.074758
0.077862
0.073738
0.076997
0.074367
0.074635
0.074024
0.077383
0.077155
0.075498
0.077164
0.080113
0.075861
0.088019
0.076752
0.07698
0.077181
0.077435
0.077567
0.077776
0.076869
0.077916
0.079172
0.073449
0.079638
0.076088
0.077144
0.074585
0.078223
0.075555
0.075337
0.074892
0.076691
0.143911
0.140058
0.124744
0.109351
0.09285
0.078548
0.11529
0.098856
0.082277
0.080211
0.113622
0.096806
0.080469
0.080731
0.076151
0.077826
0.073789
0.074151
0.074163
0.073043
0.085198
0.074205
0.074736
0.081126
0.074895
0.07741
0.082024
0.076853
0.076919
0.076858
0.077093
0.074186
0.079567
0.077818
0.08027
0.074018
0.09524
0.080366
0.077788
0.076639
0.079849
0.077616
0.076216
0.099337
0.084137
0.113033
0.101422
0.086385
0.077157
0.113883
0.099856
0.083713
0.076455
0.109082
0.095063
0.07875
0.0736
0.076265
0.075033
0.076329
0.07842
0.091904
0.078816
0.075735
0.075622
0.076054
0.078023
0.07738
0.076816
0.087979
0.081351
0.075251
0.075665
0.095649
0.079001
0.074224
0.077766
0.077256
0.076556
0.07617
0.076558
0.076465
0.075013
0.094652
0.079714
0.074352
0.089134
0.089029
0.077156
0.082053
0.091923
0.109957
0.094203
0.085111
0.114453
0.109756
0.095202
0.080001
0.113296
0.099627
0.084399
0.074343
0.075043
0.076157
0.075276
0.07554
0.075669
0.074715
0.076603
0.076247
0.082202
0.078031
0.079319
0.074303
0.07721
0.075863
0.0754
0.076908
0.07392
0.075217
0.074383
0.077606
0.074982
0.09469
0.082623
0.073943
0.074268
0.076055
0.074684
0.074666
0.075698
0.079587
0.076958
0.073822
0.073792
0.073414
0.113056
0.097118
0.079073
0.076115
0.111807
0.095447
0.079055
0.073774
0.110159
0.095624
0.079134
0.074639
0.075343
0.076555
0.07587
0.077263
0.079102
0.077551
0.075832
0.08097
0.076175
0.075377
0.076588
0.076815
0.076212
0.076777
0.076273
0.073761
0.083167
0.072715
0.074136
0.073596
0.093041
0.076632
0.073208
0.072703
0.074121
0.073619
0.074107
0.073219
0.076441
0.07377
0.089177
0.080148
0.072969
0.168548
0.161873
0.145975
0.130125
0.11361
0.097106
0.08167
0.074221
0.112849
0.107829
0.091317
0.075723
0.074656
0.07453
0.074538
0.074672
0.074023
0.07423
0.077378
0.076051
0.078802
0.079239
0.074459
0.091979
0.07604
0.076173
0.073509
0.079608
0.086448
0.074793
0.079184
0.07551
0.075088
0.074848
0.074292
0.074826
0.078425
0.076134
0.080133
0.075757
0.078227
0.074354
0.075699
0.074579
0.074495
0.083149
0.101428
0.085569
0.077464
0.119992
0.104162
0.088173
0.07809
0.11246
0.097484
0.081562
0.076771
0.07637
0.076909
0.080127
0.075456
0.0772
0.097063
0.088204
0.077661
0.078639
0.090054
0.088573
0.074454
0.074088
0.078569
0.077477
0.074361
0.072853
0.07535
0.080001
0.074373
0.081784
0.074193
0.076816
0.078132
0.075183
0.078901
0.074835
0.077511
0.073442
0.077123
0.076645
0.077318
0.077368
0.077084
0.109857
0.096266
0.079503
0.086248
0.111159
0.096143
0.079796
0.116065
0.101345
0.086303
0.074856
0.074906
0.1025
0.087177
0.074983
0.077285
0.076605
0.076316
0.076676
0.07499
0.075457
0.074712
0.081842
0.074071
0.078546
0.075193
0.078499
0.075019
0.078081
0.079723
0.079015
0.078564
0.076996
0.079259
0.076909
0.076553
0.079275
0.076266
0.07612
0.075217
0.073273
0.077734
0.077352
0.076632
0.076307
0.113266
0.104265
0.088647
0.078767
0.11437
0.104282
0.089096
0.076938
0.092757
0.077588
0.109362
0.093051
0.077906
0.076745
0.076721
0.076669
0.076499
0.07677
0.076925
0.076976
0.080778
0.076804
0.07681
0.076856
0.089728
0.074836
0.076716
0.07611
0.076504
0.077045
0.084218
0.088726
0.07737
0.079142
0.084705
0.079432
0.07379
0.08214
0.079822
0.075079
0.074913
0.080098
0.075049
0.075362
0.073935
0.1329
0.127503
0.11166
0.094713
0.079463
0.076613
0.102906
0.089649
0.075022
0.127316
0.113201
0.09803
0.096505
0.080251
0.074783
0.077549
0.076049
0.07381
0.074015
0.073869
0.074531
0.077924
0.075137
0.077825
0.075708
0.075685
0.076052
0.075209
0.075324
0.076256
0.074202
0.075502
0.075722
0.081191
0.075096
0.075544
0.075718
0.076068
0.074909
0.075052
0.077575
0.07913
0.079319
0.074538
0.089895
0.074329
0.110851
0.102275
0.085645
0.076901
0.111288
0.094795
0.083002
0.075211
0.11917
0.103328
0.087558
0.073171
0.077461
0.078043
0.075785
0.078341
0.074819
0.074324
0.074472
0.077261
0.074241
0.075574
0.075054
0.078265
0.076848
0.074856
0.079715
0.074492
0.076545
0.07721
0.077488
0.0767
0.078319
0.075605
0.07716
0.074607
0.074963
0.077575
0.110015
0.096497
0.080868
0.075344
0.07761
0.075674
0.076211
0.076969
0.110958
0.097834
0.08365
0.075864
0.119632
0.103654
0.087883
0.073334
0.110282
0.094627
0.0797
0.074684
0.077974
0.077678
0.07339
0.073488
0.07633
0.079524
0.073536
0.079183
0.076237
0.076386
0.07661
0.076643
0.089979
0.084428
0.073986
0.077324
0.076504
0.075659
0.084255
0.08054
0.100078
0.083273
0.077343
0.076197
0.0774
0.075769
0.077447
0.07485
0.083868
0.075433
0.076004
0.075007
0.113484
0.106343
0.091173
0.075758
0.076438
0.106121
0.096619
0.092321
0.077551
0.113494
0.103933
0.089292
0.076734
0.075939
0.102862
0.098882
0.083757
0.078517
0.074876
0.078836
0.080303
0.077495
0.076714
0.077325
0.0783
0.078099
0.076079
0.077863
0.07683
0.089231
0.077566
0.076518
0.085546
0.0833
0.078453
0.081383
0.099007
0.087669
0.076294
0.079083
0.074607
0.073461
0.074576
0.075273
0.076259
0.080397
0.113826
0.098198
0.083658
0.073713
0.119059
0.104363
0.088913
0.102631
0.105411
0.089623
0.077315
0.077324
0.078221
0.077295
0.080162
0.075946
0.093794
0.077708
0.077772
0.076724
0.076483
0.077019
0.096349
0.090784
0.081593
0.074935
0.075523
0.202724
0.188347
0.178553
0.163175
0.148315
0.132487
0.11754
0.102608
0.08748
0.075033
0.074203
0.19615
0.192397
0.176848
0.161164
0.146405
0.130495
0.113487
0.098799
0.084412
0.078521
0.077052
0.153005
0.137647
0.123176
0.106718
0.090584
0.075973
0.078486
0.206552
0.190565
0.175313
0.169542
0.155317
0.139023
0.124209
0.106771
0.091124
0.197396
0.188788
0.173945
0.159466
0.143728
0.128129
0.113319
0.097333
0.081996
0.076166
0.077551
0.181405
0.169616
0.154751
0.138896
0.123149
0.107386
0.092437
0.077033
0.075578
0.078915
0.183957
0.182346
0.169494
0.155231
0.140353
0.124589
0.109804
0.093836
0.077517
0.084908
0.098099
0.087317
0.074424
0.109488
0.102308
0.087321
0.077023
0.135141
0.123725
0.108925
0.092244
0.077495
0.075996
0.076304
0.074673
0.0753
0.078056
0.077778
0.076994
0.075599
0.079381
0.078203
0.094011
0.082238
0.078739
0.080797
0.079518
0.076305
0.078943
0.074866
0.074696
0.075693
0.07626
0.075522
0.076707
0.076036
0.077843
0.078375
0.078106
0.076333
0.111584
0.096004
0.080914
0.073243
0.114935
0.100152
0.084242
0.092963
0.078066
0.118899
0.104352
0.088771
0.076274
0.075274
0.078909
0.07864
0.075947
0.076632
0.073222
0.076772
0.075528
0.07674
0.075688
0.076726
0.077058
0.075019
0.076336
0.07812
0.076025
0.076991
0.07671
0.0766
0.076902
0.081743
0.07504
0.0762
0.076112
0.076339
0.0783
0.074956
0.07462
0.079189
0.080717
0.078498
0.078124
0.139074
0.123735
0.108314
0.093127
0.081293
0.113063
0.10255
0.087278
0.076186
0.115738
0.108511
0.092287
0.077135
0.077086
0.074652
0.076344
0.076674
0.075928
0.074605
0.076196
0.078535
0.075911
0.084693
0.082658
0.083674
0.076416
0.074868
0.07637
0.075958
0.075597
0.076672
0.075671
0.076734
0.077133
0.077067
0.077577
0.075785
0.078237
0.078711
0.076379
0.07697
0.078878
0.0745
0.07566
0.095259
0.080393
0.113875
0.09721
0.081554
0.078503
0.112049
0.097713
0.081256
0.078421
0.129078
0.114266
0.09844
0.082885
0.078362
0.078239
0.101117
0.085996
0.07752
0.07834
0.078422
0.074238
0.074909
0.073936
0.074553
0.075541
0.07707
0.075014
0.075158
0.079253
0.078056
0.073324
0.074474
0.075914
0.077768
0.073855
0.075019
0.075661
0.074111
0.110632
0.09666
0.082826
0.075331
0.074461
0.075596
0.078572
0.075669
0.103167
0.088455
0.074741
0.075308
0.121133
0.105502
0.089397
0.075109
0.074587
0.103106
0.088257
0.075668
0.075179
0.076648
0.077125
0.076362
0.076736
0.075995
0.07643
0.076965
0.078533
0.076393
0.074934
0.080906
0.078229
0.075224
0.077325
0.077196
0.076746
0.075741
0.079051
0.07637
0.077614
0.086849
0.078072
0.077184
0.078353
0.080248
0.074131
0.079375
0.074226
0.083312
0.08155
0.074803
0.076482
0.109424
0.098207
0.082794
0.07322
0.111279
0.095838
0.080359
0.074825
0.104946
0.088288
0.077403
0.077365
0.078699
0.077294
0.074658
0.078134
0.076399
0.077208
0.074454
0.075185
0.074875
0.074683
0.078836
0.075527
0.078449
0.074059
0.07762
0.07411
0.098323
0.084028
0.074133
0.08307
0.079142
0.0762
0.076057
0.075836
0.076074
0.079489
0.07515
0.075082
0.075612
0.076594
0.075433
0.078293
0.079516
0.075056
0.108738
0.092094
0.077358
0.097439
0.10843
0.092713
0.077125
0.075847
0.102016
0.08835
0.077363
0.07518
0.078647
0.078164
0.074021
0.079076
0.076528
0.078278
0.079953
0.080588
0.077627
0.077379
0.096396
0.081253
0.076129
0.077448
0.07651
0.075713
0.07614
0.077042
0.075654
0.075747
0.078091
0.078368
0.077792
0.077522
0.077572
0.078127
0.074433
0.07807
0.076646
0.076325
0.076869
0.077594
0.077041
0.116865
0.101091
0.085401
0.076712
0.111593
0.097097
0.080324
0.078877
0.112306
0.098519
0.083231
0.07802
0.07434
0.07547
0.077912
0.081526
0.074705
0.098003
0.08449
0.07704
0.076758
0.076614
0.07581
0.081831
0.076947
0.075334
0.078609
0.078066
0.080635
0.076846
0.0787
0.075331
0.074459
0.078581
0.104759
0.087815
0.085173
0.07619
0.074348
0.075724
0.075279
0.07515
0.077238
0.08229
0.07481
0.107349
0.09203
0.076958
0.07862
0.179663
0.164144
0.149199
0.13306
0.120493
0.105997
0.090439
0.087243
0.076157
0.10325
0.097864
0.082444
0.077608
0.080323
0.07535
0.100369
0.08767
0.0734
0.076576
0.074718
0.074946
0.075049
0.074965
0.075415
0.085492
0.078936
0.07885
0.079173
0.074728
0.075619
0.075588
0.075136
0.073631
0.082302
0.077208
0.076791
0.077806
0.100402
0.085448
0.078125
0.075665
0.120895
0.106357
0.089476
0.075088
0.111573
0.10337
0.088978
0.1071
0.139393
0.1242
0.131772
0.116865
0.101845
0.093822
0.079825
0.075949
0.073716
0.079715
0.073927
0.073464
0.075949
0.075555
0.07612
0.075398
0.075751
0.079476
0.0778
0.075732
0.074616
0.077104
0.086958
0.07821
0.076635
0.081238
0.07758
0.075311
0.079005
0.076939
0.079138
0.079109
0.075178
0.074936
0.076568
0.076197
0.076481
0.083217
0.135644
0.121972
0.107305
0.091294
0.075522
0.113011
0.102112
0.093493
0.080093
0.163066
0.146336
0.130313
0.119082
0.109992
0.095512
0.078889
0.079095
0.077604
0.077909
0.076858
0.076229
0.076057
0.077306
0.076295
0.080642
0.075494
0.075657
0.075935
0.074002
0.076828
0.075209
0.075438
0.07342
0.074857
0.078491
0.07789
0.078129
0.078659
0.114392
0.105624
0.090144
0.077129
0.098678
0.084471
0.118318
0.107024
0.102031
0.091488
0.075765
0.115203
0.102991
0.088429
0.075498
0.114164
0.130582
0.115217
0.098428
0.086208
0.077118
0.075111
0.07814
0.076458
0.079444
0.079439
0.079549
0.079167
0.079678
0.07885
0.081297
0.077961
0.074586
0.076958
0.077549
0.076697
0.077194
0.076381
0.077426
0.074433
0.076898
0.077238
0.081797
0.075573
0.076481
0.092073
0.077371
0.076998
0.075165
0.07683
0.076061
0.076287
0.1152
0.100914
0.08488
0.077935
0.11516
0.101182
0.084957
0.07844
0.118378
0.103412
0.087146
0.073979
0.080671
0.076089
0.074949
0.076477
0.079363
0.075376
0.077028
0.076665
0.074676
0.07841
0.075687
0.078171
0.076909
0.077771
0.076637
0.078142
0.076421
0.075717
0.092809
0.07772
0.076318
0.098084
0.085325
0.077233
0.079923
0.078505
0.076898
0.076297
0.076965
0.076536
0.077643
0.080152
0.077959
0.074311
0.110547
0.094221
0.080998
0.076763
0.108392
0.093507
0.078179
0.07581
0.107795
0.091059
0.077113
0.076431
0.075784
0.093739
0.079162
0.078043
0.076324
0.078554
0.078866
0.074372
0.07626
0.073857
0.076577
0.077224
0.073946
0.074594
0.07606
0.103146
0.088035
0.074395
0.074189
0.07637
0.078579
0.076289
0.078493
0.074563
0.082717
0.072799
0.073218
0.075607
0.081598
0.074876
0.07922
0.076357
0.076089
0.113573
0.099166
0.083866
0.080312
0.129846
0.116564
0.100727
0.085033
0.108396
0.092776
0.077351
0.076265
0.077831
0.07655
0.105126
0.092076
0.077686
0.077133
0.077022
0.080951
0.077933
0.081183
0.101825
0.085996
0.076835
0.075826
0.077712
0.074368
0.08622
0.075118
0.078574
0.076053
0.074155
0.073893
0.07466
0.077473
0.075881
0.076351
0.076826
0.075918
0.076222
0.078234
0.07727
0.076401
0.076166
0.118136
0.102436
0.087641
0.120718
0.109756
0.095191
0.080004
0.076727
0.108546
0.109356
0.096459
0.081146
0.075273
0.074263
0.075739
0.076287
0.079302
0.076236
0.098051
0.08415
0.074519
0.075078
0.077203
0.078702
0.077894
0.079197
0.077773
0.07757
0.07994
0.079748
0.078654
0.078087
0.077675
0.076299
0.074693
0.07785
0.074705
0.074454
0.077642
0.07791
0.077312
0.077139
0.078694
0.077871
0.078034
0.077035
0.116023
0.101042
0.087888
0.075407
0.110864
0.095087
0.080493
0.07798
0.118325
0.102739
0.087114
0.075745
0.096607
0.081485
0.076239
0.079193
0.074495
0.079415
0.073767
0.076932
0.077517
0.074684
0.074897
0.077799
0.078586
0.074096
0.07299
0.074619
0.074307
0.076567
0.084836
0.075024
0.075184
0.07712
0.074769
0.077931
0.097904
0.081739
0.074801
0.094115
0.080021
0.080485
0.076503
0.076669
0.076855
0.112916
0.107923
0.09494
0.080675
0.116064
0.101176
0.086084
0.076979
0.090637
0.119466
0.121558
0.107002
0.091184
0.076891
0.07788
0.080646
0.076815
0.078427
0.075894
0.076046
0.075596
0.104268
0.088405
0.077053
0.074974
0.074484
0.076492
0.076889
0.076716
0.077272
0.075539
0.077573
0.081106
0.073816
0.086929
0.076004
0.074748
0.082834
0.077103
0.074487
0.080355
0.078251
0.076561
0.075623
0.074816
0.074363
0.134915
0.12027
0.104556
0.088748
0.077554
0.106206
0.099626
0.086158
0.077652
0.115985
0.099208
0.084632
0.078026
0.076326
0.076026
0.077114
0.07703
0.074849
0.079203
0.082684
0.075512
0.082354
0.074872
0.07443
0.076827
0.07951
0.074818
0.079388
0.074798
0.075284
0.074464
0.079493
0.07455
0.074345
0.079705
0.074954
0.07376
0.073703
0.077183
0.075997
0.083594
0.075399
0.095515
0.081704
0.077114
0.108207
0.093441
0.077707
0.075904
0.112684
0.097927
0.082204
0.076505
0.104824
0.090021
0.07714
0.07709
0.074504
0.074358
0.076755
0.075039
0.074843
0.075312
0.078714
0.078751
0.078517
0.07825
0.076476
0.082952
0.076045
0.076726
0.076907
0.075067
0.077852
0.075931
0.074833
0.076975
0.077838
0.075861
0.076817
0.075204
0.075036
0.07475
0.094624
0.079609
0.075058
0.079773
0.075649
0.082644
0.075388
0.117452
0.115144
0.099782
0.083267
0.074796
0.108201
0.092541
0.076082
0.120007
0.105699
0.09145
0.079932
0.075925
0.074911
0.076911
0.075707
0.078308
0.077235
0.079017
0.077581
0.078267
0.079412
0.074716
0.075628
0.076219
0.076182
0.076516
0.075161
0.078236
0.078055
0.078013
0.080844
0.075897
0.090544
0.082509
0.075068
0.078813
0.074754
0.074644
0.075611
0.074637
0.077928
0.077103
0.076489
0.075813
0.076528
0.107717
0.095619
0.079576
0.075629
0.111969
0.095873
0.079836
0.076639
0.111513
0.096573
0.08169
0.082017
0.075079
0.074097
0.077487
0.07846
0.07949
0.077342
0.078157
0.078154
0.07923
0.088209
0.073412
0.088791
0.075971
0.075649
0.075643
0.098994
0.083044
0.074786
0.079547
0.078164
0.085761
0.089459
0.076851
0.093132
0.078362
0.077354
0.077722
0.076385
0.073993
0.079283
0.079904
0.075102
0.076446
0.117286
0.102066
0.086645
0.118522
0.111258
0.095901
0.085657
0.081889
0.077019
0.106712
0.090185
0.076152
0.077452
0.078175
0.077832
0.075554
0.075677
0.077077
0.075491
0.075712
0.075413
0.075221
0.076282
0.093769
0.077498
0.077656
0.076764
0.080811
0.076676
0.077094
0.077544
0.074313
0.077892
0.077588
0.078166
0.077001
0.077354
0.07722
0.077204
0.076009
0.093767
0.0774
0.076719
0.075953
0.076394
0.112678
0.097116
0.082542
0.075177
0.170155
0.154985
0.139893
0.123678
0.111941
0.096224
0.079533
0.074601
0.075901
0.076665
0.082245
0.074919
0.074228
0.076717
0.090253
0.077596
0.075274
0.075183
0.074901
0.07436
0.074369
0.076168
0.075837
0.08734
0.075255
0.075106
0.075309
0.074719
0.078913
0.075978
0.078081
0.077033
0.078854
0.077377
0.077549
0.084283
0.080217
0.077117
0.077101
0.076693
0.075295
0.076274
0.11099
0.094121
0.078124
0.076154
0.108071
0.093332
0.080262
0.079662
0.127026
0.112426
0.097174
0.081368
0.104477
0.089906
0.075078
0.075878
0.079953
0.074298
0.075616
0.078898
0.080987
0.074179
0.07364
0.074731
0.075276
0.077291
0.087606
0.075451
0.074236
0.074592
0.079557
0.076162
0.076023
0.079017
0.074999
0.07506
0.075304
0.075534
0.074715
0.079857
0.075321
0.077763
0.075147
0.077958
0.078685
0.115378
0.105865
0.091586
0.075979
0.074873
0.102143
0.087789
0.075828
0.096607
0.080741
0.106973
0.092133
0.077585
0.077642
0.075952
0.075971
0.080708
0.07675
0.078458
0.078326
0.078052
0.078364
0.076116
0.076435
0.076381
0.080945
0.073834
0.077205
0.077384
0.078778
0.077407
0.082004
0.076217
0.075724
0.096571
0.081746
0.077581
0.078596
0.077492
0.079603
0.077356
0.080815
0.079735
0.080162
0.077215
0.142251
0.12749
0.112892
0.09796
0.081218
0.11946
0.165494
0.149637
0.133979
0.125792
0.127992
0.113026
0.09705
0.082282
0.074254
0.074623
0.074515
0.075966
0.080009
0.077893
0.077041
0.075414
0.076815
0.076935
0.077274
0.075283
0.076897
0.079748
0.076107
0.078133
0.079194
0.076374
0.077677
0.076023
0.076378
0.076064
0.076416
0.076485
0.077781
0.077013
0.079514
0.078389
0.078054
0.07513
0.086833
0.077164
0.112162
0.097178
0.081553
0.077279
0.104227
0.089759
0.07543
0.073555
0.112173
0.095779
0.082006
0.075504
0.075301
0.084173
0.078019
0.07481
0.075717
0.074709
0.073727
0.075256
0.077052
0.077122
0.075281
0.079119
0.076862
0.07556
0.078777
0.07812
0.077351
0.077699
0.074399
0.077207
0.076417
0.079596
0.077933
0.077614
0.077885
0.077386
0.098619
0.089842
0.078471
0.076427
0.076629
0.075598
0.077292
0.075215
0.116346
0.101287
0.085156
0.07575
0.115995
0.100049
0.085124
0.073124
0.112416
0.09652
0.082532
0.073286
0.078393
0.076653
0.077656
0.076548
0.079034
0.075318
0.079866
0.082457
0.074803
0.075305
0.077844
0.079129
0.07506
0.085499
0.077125
0.07676
0.077343
0.075769
0.077378
0.075599
0.098953
0.083769
0.07662
0.081346
0.07714
0.07569
0.080291
0.076453
0.076286
0.077216
0.075906
0.07686
0.110965
0.107608
0.092602
0.076545
0.074763
0.112905
0.112113
0.096458
0.081031
0.074509
0.104339
0.088855
0.074545
0.076683
0.073244
0.074473
0.074585
0.072979
0.079673
0.078754
0.078997
0.073698
0.075167
0.079858
0.075234
0.077567
0.07724
0.077308
0.077329
0.093696
0.082202
0.077686
0.077181
0.07709
0.076598
0.076638
0.076283
0.074817
0.078267
0.077447
0.077623
0.080282
0.087253
0.077649
0.073872
0.07769
0.127044
0.110873
0.095736
0.126229
0.119858
0.104532
0.088927
0.077819
0.108807
0.099551
0.08605
0.0768
0.078887
0.075729
0.076701
0.075336
0.074071
0.075785
0.077619
0.080186
0.075224
0.073584
0.078411
0.073638
0.098049
0.083111
0.081549
0.076383
0.079048
0.074971
0.074182
0.074779
0.074676
0.07773
0.073404
0.076858
0.077274
0.077089
0.078215
0.089003
0.07776
0.081404
0.076365
0.080109
0.075862
0.079612
0.110945
0.095963
0.077508
0.075747
0.109334
0.093194
0.078208
0.075406
0.109003
0.093358
0.077718
0.075912
0.078187
0.079341
0.076447
0.075495
0.078008
0.095405
0.091611
0.075571
0.074293
0.075127
0.074688
0.07727
0.077605
0.075301
0.077414
0.076928
0.082047
0.07701
0.07352
0.086879
0.074085
0.074237
0.078287
0.076569
0.078413
0.075578
0.076655
0.078349
0.076812
0.076182
0.076196
0.076179
0.076381
0.121388
0.110307
0.094411
0.077545
0.076411
0.108124
0.092854
0.07763
0.074167
0.107265
0.091022
0.075702
0.078304
0.095027
0.079579
0.076052
0.074682
0.074635
0.074521
0.079437
0.074828
0.075679
0.081756
0.076084
0.082239
0.078835
0.073554
0.078393
0.085767
0.080503
0.078765
0.075122
0.075817
0.074828
0.07613
0.077305
0.07664
0.076202
0.094257
0.07965
0.076115
0.078972
0.077383
0.075857
0.079842
0.11577
0.100592
0.08646
0.080308
0.121251
0.10466
0.088915
0.075881
0.089017
0.075146
0.118138
0.102852
0.097082
0.090492
0.078963
0.077707
0.074096
0.07491
0.077586
0.078339
0.075732
0.074614
0.075264
0.073965
0.076928
0.077962
0.077733
0.076257
0.076121
0.075606
0.074572
0.079603
0.079653
0.076736
0.076803
0.075934
0.07827
0.073945
0.078617
0.077282
0.079088
0.078972
0.078479
0.08027
0.079744
0.147299
0.132726
0.115576
0.100625
0.086303
0.078317
0.1074
0.092218
0.076672
0.115589
0.114762
0.09971
0.084612
0.073814
0.078528
0.074277
0.078229
0.074664
0.076623
0.076715
0.076778
0.076662
0.089756
0.077063
0.080193
0.078742
0.076045
0.075338
0.076574
0.085793
0.086312
0.081335
0.07711
0.077383
0.072995
0.074622
0.076213
0.075597
0.081105
0.075835
0.078602
0.077134
0.077554
0.102174
0.140117
0.123687
0.11544
0.099584
0.08418
0.076192
0.129749
0.114789
0.100352
0.083182
0.112284
0.097575
0.081998
0.076399
0.076619
0.07501
0.075226
0.079927
0.077773
0.078113
0.077132
0.077682
0.076976
0.075927
0.075351
0.075535
0.080035
0.077784
0.07982
0.077112
0.075337
0.076112
0.077807
0.078574
0.074109
0.073888
0.074084
0.077667
0.074849
0.096851
0.081337
0.095296
0.078738
0.076797
0.076823
0.078092
0.077484
0.110977
0.097515
0.09647
0.083637
0.118812
0.104013
0.091905
0.075938
0.073554
0.106374
0.092245
0.0788
0.087941
0.078269
0.075507
0.076779
0.074252
0.077016
0.079336
0.075765
0.074237
0.078132
0.07493
0.075743
0.076673
0.073923
0.074644
0.07567
0.074842
0.07493
0.074939
0.080263
0.076715
0.09741
0.082079
0.075964
0.076797
0.076586
0.075044
0.079964
0.075835
0.075732
0.075274
0.075594
0.075849
0.07575
0.107559
0.093226
0.077125
0.074102
0.109916
0.095044
0.078221
0.111826
0.102082
0.086802
0.079005
0.077242
0.074238
0.083733
0.081845
0.077091
0.077062
0.083042
0.077041
0.076641
0.088067
0.074839
0.078492
0.081613
0.07959
0.076913
0.076051
0.077526
0.09107
0.07925
0.076093
0.076841
0.079048
0.075079
0.075305
0.079515
0.074807
0.0797
0.074505
0.07796
0.075707
0.075299
0.078883
0.080008
0.077897
0.11203
0.096527
0.082013
0.074616
0.127386
0.112563
0.096421
0.079873
0.116361
0.102058
0.088037
0.078347
0.0752
0.075699
0.076085
0.077067
0.074634
0.080324
0.077657
0.079424
0.083936
0.075299
0.075096
0.090568
0.076075
0.079071
0.078763
0.078551
0.078431
0.074895
0.07773
0.082858
0.078106
0.075084
0.073554
0.075288
0.076229
0.078778
0.076601
0.076868
0.084317
0.074873
0.078555
0.088355
0.088316
0.077765
0.115054
0.100341
0.084419
0.074666
0.122873
0.106186
0.090373
0.076203
0.111284
0.096122
0.080086
0.07496
0.075553
0.075557
0.074788
0.075919
0.076905
0.097007
0.08305
0.075911
0.079541
0.075307
0.079668
0.075959
0.074844
0.07775
0.075428
0.077528
0.074272
0.074575
0.075738
0.07567
0.075408
0.083749
0.075213
0.074917
0.082879
0.074576
0.075583
0.074992
0.075172
0.07484
0.077603
0.075082
0.076811
0.111172
0.095973
0.08192
0.075153
0.103612
0.097522
0.082606
0.077736
0.111462
0.105823
0.101667
0.086762
0.077054
0.09769
0.082365
0.075389
0.077296
0.089116
0.076171
0.07818
0.077714
0.074611
0.077098
0.074236
0.076416
0.07586
0.076524
0.074998
0.079573
0.075451
0.083195
0.074039
0.076909
0.075517
0.079806
0.079898
0.075491
0.074085
0.074829
0.074133
0.078774
0.077489
0.093976
0.082679
0.074263
0.138051
0.122066
0.106875
0.091585
0.130063
0.11395
0.099457
0.084698
0.093138
0.077678
0.108978
0.090952
0.078323
0.076909
0.07595
0.076873
0.077522
0.082087
0.077504
0.075726
0.077433
0.076122
0.076935
0.080409
0.077204
0.076248
0.076282
0.073499
0.075633
0.075195
0.076602
0.095894
0.082398
0.076189
0.078016
0.07916
0.07354
0.079057
0.078655
0.080975
0.082656
0.075228
0.07539
0.082966
0.074753
0.077169
0.198715
0.183044
0.167822
0.153746
0.138878
0.123422
0.107677
0.092625
0.078621
0.114765
0.118886
0.103858
0.087959
0.074447
0.080172
0.074279
0.083283
0.078567
0.078661
0.074042
0.103292
0.110771
0.095108
0.080584
0.078783
0.077598
0.081249
0.077395
0.077772
0.07985
0.076392
0.077986
0.076539
0.076582
0.076243
0.103861
0.08788
0.075471
0.075649
0.075659
0.079735
0.079035
0.102578
0.090812
0.117532
0.11516
0.11443
0.099251
0.084138
0.129725
0.115169
0.099566
0.083084
0.100385
0.109837
0.096084
0.081653
0.073271
0.078275
0.078643
0.078592
0.077251
0.081831
0.07789
0.076887
0.076781
0.076714
0.080706
0.081952
0.077848
0.078088
0.082161
0.076226
0.076587
0.076572
0.076719
0.075166
0.076461
0.076065
0.077308
0.076344
0.125196
0.12617
0.111207
0.096034
0.080784
0.074655
0.076645
0.07554
0.074401
0.076411
0.107606
0.0936
0.077621
0.118386
0.109073
0.09386
0.080348
0.077117
0.109242
0.093906
0.077998
0.081957
0.075728
0.075479
0.075568
0.077994
0.075477
0.074745
0.074036
0.080041
0.074705
0.075763
0.080221
0.077635
0.079821
0.079779
0.075625
0.076707
0.075277
0.077383
0.075989
0.075535
0.074236
0.141266
0.126545
0.110409
0.094016
0.077928
0.07714
0.07672
0.077597
0.078061
0.074477
0.080253
0.07602
0.113479
0.09931
0.084244
0.082194
0.119705
0.10482
0.087943
0.07818
0.117521
0.10305
0.090514
0.078337
0.073398
0.078006
0.076936
0.074831
0.073866
0.074198
0.077217
0.073385
0.075955
0.07546
0.076912
0.075331
0.080713
0.074126
0.078844
0.081336
0.100166
0.083996
0.076495
0.078271
0.075177
0.074854
0.075061
0.07469
0.080517
0.075208
0.078761
0.07438
0.074259
0.074874
0.07685
0.077408
0.075584
0.081732
0.11061
0.095609
0.079508
0.083814
0.097367
0.09857
0.082449
0.077518
0.108307
0.098201
0.083
0.086561
0.083563
0.080031
0.07992
0.082425
0.073404
0.099661
0.085582
0.076826
0.075671
0.077555
0.099989
0.08376
0.077207
0.076102
0.076958
0.077119
0.078387
0.076439
0.077417
0.078864
0.077858
0.075664
0.078903
0.077004
0.078093
0.076602
0.077877
0.077708
0.075616
0.078611
0.075384
0.0743
0.076992
0.106516
0.091248
0.151321
0.137137
0.123005
0.106875
0.092132
0.083557
0.077477
0.124774
0.110501
0.095132
0.078611
0.078912
0.078649
0.074739
0.078659
0.076433
0.096582
0.07995
0.07616
0.074307
0.076461
0.074901
0.077842
0.078817
0.077951
0.076885
0.07629
0.075717
0.07991
0.08343
0.078906
0.077398
0.076161
0.079394
0.076922
0.078067
0.081975
0.076134
0.073404
0.083553
0.094332
0.085142
0.073324
0.153261
0.137574
0.147014
0.13258
0.11591
0.100497
0.085924
0.075658
0.113665
0.097971
0.082171
0.076518
0.075626
0.101473
0.085513
0.088317
0.079445
0.079619
0.076896
0.075791
0.076006
0.073728
0.076884
0.077625
0.077309
0.074688
0.078601
0.077684
0.077518
0.080605
0.079154
0.078923
0.075554
0.076333
0.075163
0.080833
0.075696
0.075547
0.076132
0.078548
0.076964
0.077169
0.080944
0.07509
0.078504
0.073674
0.105789
0.09789
0.087002
0.075485
0.108756
0.09428
0.079719
0.14101
0.128226
0.113234
0.099171
0.083595
0.07699
0.078626
0.078056
0.07768
0.082488
0.078242
0.080856
0.075913
0.079877
0.072836
0.105966
0.096866
0.088941
0.074912
0.075566
0.076022
0.076268
0.076382
0.07628
0.075076
0.075899
0.076641
0.085666
0.075992
0.075735
0.074971
0.076214
0.074479
0.076389
0.078333
0.077058
0.077867
0.077965
0.136969
0.130792
0.11568
0.100183
0.084605
0.077613
0.105881
0.089873
0.076878
0.075923
0.099685
0.091398
0.076995
0.084106
0.077762
0.077676
0.075961
0.077459
0.081908
0.077874
0.077813
0.074405
0.074279
0.075183
0.0778
0.076858
0.087026
0.086837
0.074087
0.079629
0.078137
0.078723
0.078778
0.078043
0.07885
0.076714
0.076742
0.076829
0.079499
0.077589
0.073492
0.076677
0.07647
0.088561
0.077624
0.125853
0.112676
0.096944
0.082303
0.117788
0.102381
0.089134
0.078064
0.109952
0.094592
0.078565
0.076578
0.079519
0.074381
0.080413
0.082479
0.077625
0.077373
0.07877
0.07665
0.078549
0.076461
0.079162
0.075203
0.077119
0.075157
0.082346
0.080653
0.077919
0.074322
0.074558
0.077756
0.076271
0.092059
0.088806
0.074989
0.07854
0.074045
0.100889
0.086521
0.078278
0.078763
0.076693
0.076817
0.081283
0.07509
0.113798
0.098313
0.080571
0.078261
0.105888
0.093407
0.077139
0.11568
0.100521
0.089682
0.076649
0.07653
0.080728
0.076498
0.081992
0.078964
0.073989
0.076841
0.076729
0.077137
0.079555
0.075886
0.075545
0.074962
0.074755
0.074954
0.074016
0.078348
0.079328
0.074537
0.078065
0.076873
0.075746
0.099237
0.084234
0.079931
0.077781
0.077568
0.078444
0.076475
0.08558
0.076713
0.076141
0.076231
0.076997
0.121187
0.107108
0.091569
0.076837
0.116489
0.104035
0.088281
0.075362
0.11513
0.103697
0.088586
0.07514
0.076452
0.075384
0.074051
0.076135
0.074483
0.075964
0.076504
0.076521
0.083297
0.086517
0.082362
0.075016
0.07527
0.0755
0.075302
0.074972
0.090062
0.076492
0.075298
0.075562
0.076702
0.081215
0.074635
0.078849
0.075369
0.07459
0.077107
0.076993
0.07859
0.074703
0.085782
0.074203
0.075064
0.114864
0.098799
0.082586
0.076218
0.115848
0.108002
0.101385
0.086144
0.075675
0.120516
0.105593
0.090927
0.076147
0.075393
0.075907
0.078798
0.078496
0.076325
0.075589
0.07416
0.086512
0.076908
0.076664
0.096059
0.085457
0.074523
0.079777
0.076212
0.076003
0.077157
0.080143
0.074576
0.078535
0.074959
0.077287
0.075408
0.077731
0.081062
0.078354
0.080425
0.078417
0.076998
0.078389
0.076519
0.077724
0.077343
0.112055
0.097417
0.08266
0.075757
0.112761
0.0968
0.081928
0.076504
0.116336
0.102138
0.0861
0.075118
0.086145
0.078673
0.076395
0.077144
0.0759
0.098529
0.082605
0.076628
0.081314
0.077324
0.074287
0.07586
0.077073
0.077709
0.076565
0.077514
0.07771
0.073817
0.077576
0.076809
0.073816
0.075029
0.075929
0.075659
0.074483
0.078661
0.077733
0.074297
0.080377
0.078381
0.076573
0.07531
0.074836
0.074312
0.104878
0.08983
0.076675
0.075069
0.103541
0.089888
0.075471
0.115634
0.120625
0.105807
0.089839
0.080112
0.097474
0.084359
0.075399
0.076718
0.07503
0.074242
0.085061
0.078104
0.078574
0.078757
0.074981
0.078129
0.07809
0.075118
0.077486
0.080536
0.074761
0.077744
0.077466
0.078119
0.082926
0.076421
0.077824
0.077502
0.077292
0.074063
0.078347
0.078385
0.07771
0.078867
0.077221
0.077386
0.078357
0.0838
0.110474
0.095327
0.079959
0.11306
0.107031
0.090933
0.10297
0.093048
0.079315
0.109017
0.093072
0.078135
0.077196
0.076337
0.077492
0.076826
0.075943
0.075241
0.075965
0.080152
0.075768
0.076485
0.074929
0.074586
0.078429
0.078708
0.078741
0.078383
0.094687
0.079411
0.074951
0.075355
0.075363
0.077414
0.076234
0.077263
0.076321
0.078446
0.075769
0.075535
0.076272
0.075563
0.075018
0.073446
0.133969
0.120091
0.106003
0.090796
0.075705
0.116396
0.101577
0.085236
0.078004
0.112904
0.103834
0.08936
0.074724
0.078104
0.081741
0.078728
0.074608
0.075203
0.075124
0.072997
0.083859
0.075474
0.074602
0.074635
0.086066
0.077307
0.076032
0.077316
0.077564
0.076359
0.07783
0.079747
0.074206
0.075154
0.07409
0.073756
0.076452
0.076115
0.074968
0.074874
0.078082
0.077876
0.07758
0.098374
0.086157
0.076175
0.113774
0.102001
0.087125
0.076918
0.114794
0.100314
0.085416
0.075128
0.114995
0.099331
0.084016
0.076468
0.078223
0.081238
0.076914
0.078836
0.075136
0.073485
0.076539
0.075627
0.075421
0.07534
0.075412
0.075969
0.075446
0.076112
0.075716
0.075262
0.076302
0.074811
0.074885
0.078041
0.074448
0.077767
0.07386
0.07811
0.07687
0.074265
0.11015
0.097238
0.081077
0.073988
0.079006
0.073371
0.08516
0.076781
0.108579
0.09168
0.075336
0.07326
0.114951
0.098746
0.083823
0.113526
0.108738
0.094151
0.078068
0.076685
0.075731
0.078793
0.074031
0.074061
0.074853
0.074864
0.074927
0.080355
0.078718
0.076582
0.076606
0.075025
0.076303
0.082625
0.07565
0.075813
0.076138
0.075988
0.076137
0.075941
0.092208
0.076454
0.076591
0.079268
0.079485
0.077342
0.075232
0.080785
0.076014
0.073967
0.074065
0.076723
0.11851
0.101375
0.08648
0.083054
0.0764
0.112758
0.100642
0.085236
0.074177
0.102983
0.088582
0.076211
0.075516
0.079027
0.075097
0.077498
0.077162
0.077522
0.073978
0.077709
0.077189
0.077648
0.076439
0.075198
0.07588
0.076586
0.077911
0.076276
0.095812
0.080653
0.078673
0.077429
0.080925
0.077071
0.077095
0.077455
0.07751
0.077576
0.077081
0.077459
0.075764
0.077773
0.074137
0.076135
0.075722
0.11309
0.105432
0.090292
0.076021
0.119129
0.104279
0.089452
0.075829
0.109844
0.105218
0.090575
0.074406
0.075161
0.078263
0.077745
0.074606
0.07366
0.078207
0.074241
0.079721
0.096085
0.097119
0.082596
0.073969
0.084556
0.07556
0.099574
0.084777
0.075296
0.076518
0.075423
0.075254
0.077606
0.07555
0.084652
0.075102
0.075446
0.074802
0.075763
0.082046
0.074202
0.080329
0.074761
0.074914
0.074567
0.081154
0.105278
0.093616
0.079974
0.078259
0.11102
0.095583
0.080139
0.115624
0.107723
0.093036
0.079019
0.076076
0.080481
0.076297
0.07663
0.075952
0.075685
0.151771
0.136123
0.120079
0.10514
0.090007
0.075165
0.074999
0.07793
0.079158
0.074445
0.075284
0.080529
0.084735
0.075329
0.08368
0.082086
0.082667
0.077446
0.08097
0.07728
0.077266
0.081126
0.075604
0.074015
0.07515
0.074673
0.075063
0.075616
0.118544
0.1062
0.091835
0.077005
0.11168
0.105469
0.092098
0.075392
0.119724
0.104193
0.088679
0.075083
0.103255
0.093596
0.077161
0.075624
0.075271
0.083869
0.075014
0.080103
0.082049
0.077034
0.075057
0.074488
0.077137
0.083982
0.074559
0.078675
0.076929
0.075463
0.074651
0.080026
0.075151
0.074469
0.073969
0.074236
0.076143
0.078626
0.077268
0.077261
0.074388
0.074946
0.075805
0.074884
0.07977
0.111562
0.096612
0.081106
0.079032
0.106342
0.091232
0.082958
0.096421
0.081533
0.117784
0.108959
0.103372
0.087698
0.079316
0.076094
0.076792
0.075842
0.078878
0.074457
0.08059
0.074711
0.075358
0.075172
0.075327
0.09646
0.081386
0.075655
0.076976
0.074094
0.073488
0.074452
0.07506
0.073733
0.07625
0.077827
0.077338
0.077254
0.077246
0.076837
0.077376
0.077403
0.075861
0.075005
0.075511
0.07533
0.085208
0.121674
0.112109
0.09664
0.081418
0.074605
0.11138
0.096102
0.081095
0.0751
0.11108
0.094336
0.074223
0.075142
0.07639
0.07369
0.074572
0.07603
0.08073
0.08151
0.078411
0.074896
0.088608
0.07368
0.076277
0.077383
0.080514
0.074709
0.077218
0.073978
0.077014
0.079301
0.076431
0.077267
0.074156
0.077177
0.07696
0.08184
0.078076
0.078698
0.074906
0.073378
0.074874
0.090369
0.075199
0.115899
0.100608
0.084301
0.078476
0.118273
0.103578
0.088363
0.074979
0.109985
0.098709
0.081118
0.08171
0.073853
0.073794
0.073615
0.13359
0.117527
0.101695
0.0869
0.076471
0.08631
0.07986
0.075651
0.077344
0.077848
0.077177
0.077197
0.07688
0.075772
0.074137
0.073462
0.074489
0.076591
0.077732
0.075618
0.076633
0.083065
0.098066
0.082436
0.076925
0.076977
0.078724
0.092931
0.083201
0.076226
0.11357
0.108312
0.092629
0.076735
0.074463
0.107075
0.093418
0.077943
0.127478
0.113637
0.098485
0.085247
0.079782
0.074806
0.076444
0.074937
0.076135
0.072855
0.078673
0.073695
0.074001
0.073041
0.075037
0.07533
0.074666
0.075801
0.08012
0.075858
0.076095
0.077353
0.074591
0.081554
0.074958
0.095979
0.081106
0.075252
0.075911
0.086808
0.080499
0.077451
0.076959
0.080341
0.076253
0.075787
0.088604
0.115537
0.10261
0.087384
0.077379
0.073278
0.104287
0.089151
0.075692
0.088528
0.103327
0.089386
0.077084
0.074946
0.075988
0.074524
0.077226
0.079702
0.076484
0.077003
0.076202
0.075234
0.073994
0.076508
0.075661
0.082185
0.0768
0.075964
0.078042
0.077084
0.088953
0.07729
0.082669
0.074915
0.078042
0.077498
0.075828
0.079632
0.074221
0.076971
0.075373
0.086993
0.075435
0.074493
0.07389
0.077628
0.075138
0.107163
0.092622
0.078308
0.077332
0.108679
0.093263
0.077998
0.07452
0.103201
0.088708
0.075813
0.075704
0.074458
0.074616
0.074302
0.077493
0.077678
0.07796
0.076225
0.075677
0.076846
0.077102
0.113736
0.096739
0.081304
0.083415
0.099397
0.085243
0.077329
0.074222
0.078205
0.079289
0.077061
0.077145
0.075707
0.075342
0.080594
0.0981
0.083849
0.078461
0.074204
0.075833
0.074891
0.087833
0.074828
0.117276
0.107776
0.094701
0.080484
0.112191
0.10701
0.093008
0.077401
0.114724
0.107921
0.097253
0.085267
0.075329
0.076417
0.088516
0.073406
0.076623
0.102008
0.092784
0.076901
0.073896
0.075781
0.074538
0.079394
0.078071
0.074186
0.081216
0.07474
0.074621
0.075111
0.075638
0.077974
0.076044
0.074649
0.078258
0.077979
0.077737
0.074265
0.076928
0.077929
0.07738
0.078787
0.074144
0.07734
0.082447
0.112548
0.104582
0.089739
0.074008
0.122848
0.106852
0.090266
0.077963
0.115813
0.112908
0.098946
0.083866
0.074608
0.07595
0.089158
0.076024
0.078412
0.080343
0.077777
0.081749
0.078662
0.075017
0.078458
0.0778
0.080092
0.077626
0.076717
0.076463
0.075091
0.074571
0.084263
0.077882
0.076556
0.078368
0.074599
0.07789
0.075012
0.079315
0.075327
0.075167
0.074702
0.073438
0.076404
0.082305
0.075006
0.0748
0.104863
0.090147
0.076745
0.118071
0.103989
0.088985
0.07659
0.136946
0.12193
0.124405
0.109719
0.093563
0.07956
0.076863
0.07572
0.07569
0.076604
0.075929
0.077508
0.074446
0.074907
0.075455
0.079254
0.073821
0.073896
0.075098
0.076309
0.102797
0.088902
0.078135
0.078899
0.076657
0.077215
0.077166
0.079718
0.077173
0.08122
0.076854
0.077526
0.075983
0.079294
0.077144
0.077358
0.077415
0.075899
0.144712
0.129377
0.115351
0.100158
0.083616
0.11305
0.103837
0.090981
0.077407
0.07701
0.102566
0.08794
0.074265
0.077255
0.073167
0.075157
0.091769
0.076653
0.074001
0.077568
0.074631
0.074595
0.074555
0.078014
0.074036
0.080416
0.07495
0.078568
0.074779
0.079035
0.074337
0.079606
0.073974
0.073423
0.07523
0.075173
0.079993
0.074398
0.076722
0.073754
0.075118
0.076462
0.099903
0.08908
0.087338
0.076011
0.118829
0.103232
0.088078
0.079226
0.113502
0.096957
0.081883
0.076291
0.114995
0.104131
0.088309
0.077775
0.074613
0.079883
0.079835
0.074245
0.078027
0.073602
0.096388
0.082845
0.074326
0.077426
0.07533
0.074037
0.078185
0.073277
0.078192
0.076687
0.078342
0.07805
0.077516
0.074993
0.076875
0.078149
0.075751
0.0796
0.076684
0.116238
0.101002
0.08592
0.075697
0.084387
0.075526
0.076054
0.077011
0.108795
0.093562
0.078971
0.120911
0.109662
0.092933
0.077712
0.076351
0.112568
0.097287
0.084088
0.076146
0.078982
0.084196
0.092821
0.094442
0.096346
0.080258
0.075125
0.085024
0.074059
0.077337
0.077002
0.079009
0.074346
0.077541
0.077254
0.078636
0.076823
0.091407
0.074689
