-25.070561170578003
-25.069883584976196
-25.069463968276978
-25.07102346420288
-25.070533752441406
-25.07043218612671
-25.070513486862183
-25.070635080337524
-25.067612648010254
-25.071543216705322
-25.06947112083435
-25.07143783569336
-25.069870710372925
-25.07087278366089
-25.069862365722656
-25.07069444656372
-25.069074630737305
-25.070950746536255
-25.065984964370728
-25.067913055419922
-25.06946325302124
-24.979279041290283
-24.993807077407837
-25.00880789756775
-25.023993730545044
-25.04000186920166
-25.05501413345337
-25.071545124053955
-25.070204734802246
-25.0714373588562
-25.069883823394775
-25.070997953414917
-25.069957733154297
-25.07099962234497
-25.070392847061157
-25.071460008621216
-25.07037878036499
-25.07043766975403
-25.06944990158081
-25.07101559638977
-25.069154739379883
-25.07207703590393
-25.06940770149231
-25.070083379745483
-25.070921659469604
-25.06449842453003
-25.070013999938965
-25.071083784103394
-25.070108890533447
-25.071074962615967
-25.070016860961914
-25.07093644142151
-25.070416927337646
-25.071565866470337
-25.069621324539185
-25.071114540100098
-25.071075677871704
-25.07128882408142
-25.060397148132324
-24.950531244277954
-24.947101354599
-24.96213459968567
-24.97817850112915
-24.992696046829224
-25.008301973342896
-25.02331280708313
-25.03384017944336
-25.04737687110901
-25.062376976013184
-25.07098913192749
-25.06943655014038
-25.071481466293335
-25.064566135406494
-25.07011890411377
-25.070112943649292
-25.070610761642456
-25.069848775863647
-25.07088279724121
-25.069905996322632
-25.070983171463013
-25.070030689239502
-25.071008443832397
-25.07012176513672
-25.057080030441284
-25.064618825912476
-25.07094407081604
-25.07033371925354
-25.071680545806885
-25.070197820663452
-25.07079267501831
-25.069836616516113
-25.070909023284912
-25.06989812850952
-25.070887565612793
-25.07004141807556
-25.07108759880066
-25.070167303085327
-25.07117247581482
-25.07037925720215
-25.070220470428467
-25.070658445358276
-25.07186508178711
-25.070462465286255
-25.072030305862427
-25.071151733398438
-25.07103419303894
-25.070531606674194
-25.0705726146698
-25.06949758529663
-25.07126784324646
-25.069828033447266
-25.07088041305542
-25.07045078277588
-25.05810570716858
-25.061577796936035
-25.071147918701172
-25.069708108901978
-25.071749448776245
-25.070146322250366
-25.07118320465088
-25.070240020751953
-25.071439504623413
-25.070492267608643
-25.070562839508057
-25.070146322250366
-25.07117748260498
-25.070260524749756
-25.071271181106567
-25.069935083389282
-25.07097840309143
-25.07002282142639
-25.07107162475586
-25.07052493095398
-25.07105278968811
-25.069136142730713
-25.071146726608276
-25.070190906524658
-25.07074999809265
-25.06932830810547
-25.071322679519653
-25.068923711776733
-25.070995569229126
-25.06958246231079
-25.070631504058838
-25.06967520713806
-25.071226119995117
-25.07083511352539
-25.070884704589844
-25.06994915008545
-25.070571184158325
-25.06974506378174
-25.07079291343689
-25.069367170333862
-25.071099281311035
-25.070162534713745
-25.07045888900757
-25.070028066635132
-25.071779489517212
-25.069833278656006
-25.071399688720703
-25.06944727897644
-25.071000337600708
-25.070621967315674
-25.07194757461548
-25.070632219314575
-25.071527242660522
-25.06953001022339
-25.07154083251953
-25.07050061225891
-25.071404218673706
-25.0704128742218
-25.072192907333374
-25.07046937942505
-25.07149910926819
-25.07016921043396
-25.071723461151123
-25.07026958465576
-25.07083559036255
-25.069912672042847
-25.071204662322998
-25.064483880996704
-25.066656827926636
-25.067063570022583
-25.067756175994873
-25.068573713302612
-25.069627046585083
-25.07001781463623
-25.071058750152588
-25.057153940200806
-25.067707777023315
-25.06975531578064
-25.070796489715576
-25.070355653762817
-25.069425582885742
-25.070171356201172
-25.071218729019165
-25.070266723632812
-25.071701288223267
-25.07030749320984
-25.07090735435486
-25.070199251174927
-25.071252584457397
-25.070264101028442
-25.071314573287964
-25.070359230041504
-25.071433544158936
-25.070156574249268
-25.071332693099976
-25.069926500320435
-25.06798028945923
-25.070547103881836
-25.07052254676819
-25.06959819793701
-25.070393323898315
-25.071290731430054
-25.07133460044861
-25.070382833480835
-25.070400953292847
-25.070448398590088
-25.07101035118103
-25.06958556175232
-25.070895433425903
-25.069909811019897
-25.062598705291748
-25.05965256690979
-25.07066297531128
-25.070338010787964
-25.068406343460083
-25.06995677947998
-25.07000207901001
-25.070044994354248
-25.071083068847656
-25.070654153823853
-25.070744037628174
-25.070720434188843
-25.071423053741455
-25.069539785385132
-25.07107710838318
-25.070171117782593
-25.071291208267212
-25.065399408340454
-25.071410655975342
-25.069496154785156
-25.06551480293274
-25.07059907913208
-25.07118558883667
-25.06997799873352
-25.071475982666016
-25.070359468460083
-25.071423768997192
-25.0694899559021
-25.064554691314697
-25.0695960521698
-25.070157766342163
-25.069889068603516
-25.069931030273438
-25.070573091506958
-25.070631504058838
-25.06868052482605
-25.071442127227783
-25.07050323486328
-25.056689500808716
-25.067228317260742
-25.07175326347351
-25.069828033447266
-25.071977138519287
-25.070534229278564
-25.07059907913208
-25.069577932357788
-25.071369409561157
-25.06942367553711
-25.071488857269287
-25.069533824920654
-25.071081399917603
-25.06927466392517
-25.07134509086609
-25.071043968200684
-25.071674346923828
-25.069730758666992
-25.0712833404541
-25.069807291030884
-25.071515321731567
-25.070241689682007
-25.071359872817993
-25.069507360458374
-25.06909203529358
-25.048202514648438
-25.06602668762207
-25.070082902908325
-25.06765055656433
-25.062106609344482
-25.071410655975342
-25.06945824623108
-25.071513891220093
-25.070111751556396
-25.070157051086426
-25.070045471191406
-25.07138419151306
-25.070516109466553
-25.071120500564575
-25.071686267852783
-25.070731163024902
-25.070955991744995
-25.07099938392639
-25.071053743362427
-25.070643186569214
-25.070663928985596
-25.071202278137207
-25.06136202812195
-25.067326307296753
-25.07033061981201
-25.070770263671875
-25.070810317993164
-25.065909385681152
-25.07077670097351
-25.06981873512268
-25.07086730003357
-25.071453332901
-25.071487426757812
-25.068540334701538
-25.071088314056396
-25.058717966079712
-25.071699380874634
-25.05920672416687
-25.07021999359131
-25.070270776748657
-25.0713210105896
-25.07036852836609
-25.071412324905396
-25.070451974868774
-25.07201862335205
-25.070046186447144
-25.06531858444214
-25.070340394973755
-25.070919513702393
-25.06999659538269
-25.071040630340576
-25.070086002349854
-25.0706729888916
-25.069698810577393
-25.07062792778015
-25.07008194923401
-25.069126844406128
-25.070210456848145
-25.070820331573486
-25.068435430526733
-25.07051682472229
-25.069533586502075
-25.071123123168945
-25.06968665122986
-25.06969714164734
-25.069781064987183
-25.07039761543274
-25.06999683380127
-25.070719003677368
-25.070254802703857
-25.070838451385498
-25.070455074310303
-25.056544542312622
-25.07054901123047
-25.07093048095703
-25.07097291946411
-25.069069385528564
-25.071094751358032
-25.071167945861816
-25.07072377204895
-25.05927300453186
-25.069276094436646
-25.071310997009277
-25.07093596458435
-25.071019172668457
-25.071027517318726
-25.070624351501465
-25.07065224647522
-25.06571125984192
-25.07112717628479
-25.071163654327393
-25.07017993927002
-25.071248769760132
-25.070295572280884
-25.06735110282898
-25.070352792739868
-25.06960105895996
-25.069641828536987
-25.070206880569458
-25.069262504577637
-25.070300579071045
-25.06787419319153
-25.070438861846924
-25.069486141204834
-25.069698572158813
-25.06971836090088
-25.071765184402466
-25.06884527206421
-25.070902109146118
-25.06897759437561
-25.070051193237305
-25.060434818267822
-25.066462516784668
-25.069436073303223
-25.070810556411743
-25.06985878944397
-25.070868253707886
-25.068922996520996
-25.07106924057007
-25.07011342048645
-25.071207284927368
-25.0693519115448
-25.070391178131104
-25.06936764717102
-25.071086883544922
-25.069976329803467
-25.071990489959717
-25.06906747817993
-25.07010769844055
-25.07018733024597
-25.071173906326294
-25.06953477859497
-25.070631980895996
-25.06971025466919
-25.06925058364868
-25.061827898025513
-25.064861297607422
-25.056933164596558
-25.06994366645813
-25.066539525985718
-25.066126346588135
-25.071101188659668
-25.070210218429565
-25.071256637573242
-25.07031750679016
-25.07093572616577
-25.07114553451538
-25.071663856506348
-25.070735692977905
-25.057783842086792
-25.070478916168213
-25.070533514022827
-25.06927728652954
-25.069862127304077
-25.06988286972046
-25.07092833518982
-25.069324016571045
-25.070512294769287
-25.068559408187866
-25.070603609085083
-25.069618463516235
-25.065696954727173
-25.06925916671753
-25.070300102233887
-25.069352865219116
-25.070069313049316
-25.065959453582764
-25.070991039276123
-25.069887161254883
-25.0556058883667
-25.07012939453125
-25.071075677871704
-25.06997561454773
-25.070048809051514
-25.070101261138916
-25.070193767547607
-25.063190937042236
-25.06621265411377
-25.067514657974243
-25.0705623626709
-25.068886518478394
-25.07058835029602
-25.06922483444214
-25.070701122283936
-25.068750858306885
-25.06843090057373
-25.069447994232178
-25.065911531448364
-25.06998920440674
-25.070047855377197
-25.069449186325073
-25.066303730010986
-25.069329738616943
-25.070399522781372
-25.06925368309021
-25.068798065185547
-25.06937289237976
-25.071324586868286
-25.07087516784668
-25.0708749294281
-25.070266485214233
-25.068342447280884
-25.070905685424805
-25.071210861206055
-25.071500539779663
-25.07058310508728
-25.07025980949402
-25.068365812301636
-25.071410179138184
-25.068514823913574
-25.07029914855957
-25.07033634185791
-25.07143521308899
-25.06864285469055
-25.07058072090149
-25.052272081375122
-25.068793773651123
-25.0705304145813
-25.069136381149292
-25.071446180343628
-25.06954336166382
-25.07055401802063
-25.069452047348022
-25.071253538131714
-25.068900108337402
-25.07072901725769
-25.06977105140686
-25.0704185962677
-25.069371223449707
-25.07040786743164
-25.069010972976685
-25.070738315582275
-25.069029569625854
-25.071624279022217
-25.0708589553833
-25.070457220077515
-25.070098876953125
-25.071073055267334
-25.070175886154175
-25.07120704650879
-25.070680379867554
-25.07101273536682
-25.07001805305481
-25.070388078689575
-25.06887197494507
-25.07064151763916
-25.06970977783203
-25.070327758789062
-25.070152282714844
-25.07020139694214
-25.070423364639282
-25.07132887840271
-25.0692458152771
-25.071898698806763
-25.068737983703613
-25.069616317749023
-25.070069789886475
-25.070373058319092
-25.068726539611816
-25.07083749771118
-25.064523696899414
-25.066524744033813
-25.070783853530884
-25.071146965026855
-25.070815324783325
-25.07142663002014
-25.071003675460815
-25.069966554641724
-25.07153010368347
-25.07000207901001
-25.07101607322693
-25.07057476043701
-25.071577548980713
-25.070161819458008
-25.07079243659973
-25.069249391555786
-25.07073211669922
-25.070106029510498
-25.07056736946106
-25.069239854812622
-25.070396661758423
-25.069669485092163
-25.07073187828064
-25.06925630569458
-25.07146692276001
-25.07082962989807
-25.070739269256592
-25.069813013076782
-25.07086968421936
-25.06996178627014
-25.07127022743225
-25.07046341896057
-25.070509672164917
-25.069588899612427
-25.07064962387085
-25.069985389709473
-25.070951461791992
-25.07049036026001
-25.071014165878296
-25.06705093383789
-25.070090293884277
-25.07015824317932
-25.070813179016113
-25.069637775421143
-25.068455696105957
-25.07028293609619
-25.071006059646606
-25.069270849227905
-25.071306705474854
-25.070057153701782
-25.07112717628479
-25.07055974006653
-25.071117162704468
-25.070497274398804
-25.070567846298218
-25.06972646713257
-25.07079267501831
-25.07042098045349
-25.071474313735962
-25.07181167602539
-25.070912837982178
-25.071612119674683
-25.069645166397095
-25.071108102798462
-25.06923747062683
-25.071182012557983
-25.06935715675354
-25.070993900299072
-25.070300102233887
-25.071291208267212
-25.070282220840454
-25.071333169937134
-25.06998586654663
-25.071056127548218
-25.068573713302612
-25.0703387260437
-25.06997776031494
-25.070701599121094
-25.071102142333984
-25.071802616119385
-25.07083559036255
-25.06988263130188
-25.0711088180542
-25.07115387916565
-25.07100772857666
-25.07122254371643
-25.070675134658813
-25.071012496948242
-25.07135248184204
-25.070399522781372
-25.0706148147583
-25.070249795913696
-25.07201337814331
-25.070671558380127
-25.071787118911743
-25.071175575256348
-25.071707248687744
-25.07077980041504
-25.071833610534668
-25.070929050445557
-25.070969343185425
-25.069985389709473
-25.07083487510681
-25.071470975875854
-25.070980310440063
-25.070603132247925
-25.069244861602783
-25.070821046829224
-25.071375608444214
-25.071382522583008
-25.070278644561768
-25.068337202072144
-25.069865703582764
-25.07076382637024
-25.071332216262817
-25.07141900062561
-25.07078790664673
-25.070586442947388
-25.06137752532959
-25.07117986679077
-25.07038974761963
-25.070508003234863
-25.06935954093933
-25.071958541870117
-25.069962978363037
-25.07193422317505
-25.069979667663574
-25.071029663085938
-25.069740533828735
-25.071324348449707
-25.06989288330078
-25.07140851020813
-25.070550203323364
-25.070736408233643
-25.070271968841553
-25.071324586868286
-25.069830179214478
-25.07108759880066
-25.069610118865967
-25.0714168548584
-25.0642249584198
-25.07146167755127
-25.069687843322754
-25.070882558822632
-25.06947088241577
-25.07093381881714
-25.070518016815186
-25.071541786193848
-25.069909811019897
-25.071250200271606
-25.0704243183136
-25.071272611618042
-25.07006287574768
-25.07113289833069
-25.058907747268677
-25.07093381881714
-25.069981813430786
-25.06982421875
-25.07047748565674
-25.07049250602722
-25.069548845291138
-25.071219205856323
-25.069255590438843
-25.070985078811646
-25.06999921798706
-25.07022762298584
-25.07027316093445
-25.070193767547607
-25.06923198699951
-25.071031093597412
-25.06980562210083
-25.071532487869263
-25.069592237472534
-25.071621656417847
-25.069390296936035
-25.071449995040894
-25.070055723190308
-25.071107625961304
-25.069154024124146
-25.071279048919678
-25.0702908039093
-25.07136034965515
-25.0714168548584
-25.070467233657837
-25.07067847251892
-25.069803714752197
-25.070040464401245
-25.069722175598145
-25.07043147087097
-25.068504810333252
-25.07057785987854
-25.069627046585083
-25.071256160736084
-25.070306301116943
-25.071295022964478
-25.069583892822266
-25.071646690368652
-25.069891452789307
-25.070836067199707
-25.0698344707489
-25.070903539657593
-25.06898832321167
-25.070622205734253
-25.070592880249023
-25.05866813659668
-25.06586718559265
-25.07109785079956
-25.0701584815979
-25.071229219436646
-25.070735692977905
-25.070818424224854
-25.07029366493225
-25.069913387298584
-25.07010293006897
-25.06615161895752
-25.057335138320923
-25.070476055145264
-25.0716495513916
-25.07066011428833
-25.06955051422119
-25.0712251663208
-25.069405794143677
-25.07165789604187
-25.06967782974243
-25.070791244506836
-25.06960129737854
-25.070802450180054
-25.06988501548767
-25.07133650779724
-25.069307565689087
-25.07144045829773
-25.069501638412476
-25.06841731071472
-25.070632219314575
-25.05839252471924
-25.07008194923401
-25.070947647094727
-25.070122718811035
-25.07137656211853
-25.070432424545288
-25.07186007499695
-25.07108187675476
-25.07171368598938
-25.070478200912476
-25.06839156150818
-25.0714373588562
-25.067878484725952
-25.070087909698486
-25.070915460586548
-25.07101798057556
-25.070374488830566
-25.068429231643677
-25.070083141326904
-25.071288347244263
-25.069567441940308
-25.068655252456665
-25.0704243183136
-25.071439504623413
-25.069451093673706
-25.07051944732666
-25.069729566574097
-25.07126259803772
-25.069343090057373
-25.06454563140869
-25.069393157958984
-25.070440769195557
-25.070012092590332
-25.071499347686768
-25.070472240447998
-25.071015119552612
-25.069555521011353
-25.070698499679565
-25.07070279121399
-25.07152271270752
-25.069612979888916
-25.070684671401978
-25.06939387321472
-25.071483373641968
-25.06952667236328
-25.071603536605835
-25.068973302841187
-25.070038080215454
-25.069313764572144
-25.06954050064087
-25.068902492523193
-25.069228410720825
-25.070286989212036
-25.07152509689331
-25.069313526153564
-25.071000814437866
-25.06959819793701
-25.070607900619507
-25.06477952003479
-25.0713529586792
-25.069489002227783
-25.070981740951538
-25.069716930389404
-25.070727825164795
-25.070064306259155
-25.07098412513733
-25.069999933242798
-25.071722984313965
-25.063133001327515
-25.071227312088013
-25.069077253341675
-25.06734037399292
-25.06942915916443
-25.070510625839233
-25.07007074356079
-25.07072353363037
-25.069318771362305
-25.071357250213623
-25.069507837295532
-25.070709466934204
-25.070608615875244
-25.069319486618042
-25.071397066116333
-25.0699462890625
-25.07151484489441
-25.069566249847412
-25.07017970085144
-25.066632986068726
-25.070621728897095
-25.069677352905273
-25.070965051651
-25.070011854171753
-25.06279158592224
-25.069899320602417
-25.071204662322998
-25.06944704055786
-25.071492433547974
-25.068666696548462
-25.0712993144989
-25.069223880767822
-25.071476697921753
-25.071085691452026
-25.070410013198853
-25.069498777389526
-25.071539640426636
-25.06973433494568
-25.066460371017456
-25.07149362564087
-25.070595502853394
-25.070271968841553
-25.070355892181396
-25.069958686828613
-25.070868492126465
-25.070462942123413
-25.071369886398315
-25.069438219070435
-25.070480346679688
-25.06965398788452
-25.07171082496643
-25.070878505706787
-25.06994915008545
-25.069958209991455
-25.071093797683716
-25.070180654525757
-25.07037353515625
-25.070453882217407
-25.07159996032715
-25.069577932357788
-25.070796012878418
-25.068871021270752
-25.06984281539917
-25.069887161254883
-25.071043252944946
-25.069644927978516
-25.07042145729065
-25.069613456726074
-25.07106900215149
-25.069708585739136
-25.070732831954956
-25.069843292236328
-25.070611238479614
-25.066667795181274
-25.0701425075531
-25.06960940361023
-25.07066774368286
-25.06963038444519
-25.0711772441864
-25.06976056098938
-25.07082772254944
-25.069804191589355
-25.071177005767822
-25.069746017456055
-25.071499347686768
-25.070094347000122
-25.071212768554688
-25.07003355026245
-25.070560693740845
-25.069655656814575
-25.070291757583618
-25.068400621414185
-25.070968627929688
-25.07000160217285
-25.070701360702515
-25.070685148239136
-25.06820774078369
-25.068822145462036
-25.069026708602905
-25.069751024246216
-25.07023859024048
-25.070266485214233
-25.070334672927856
-25.06935715675354
-25.05640935897827
-25.070169925689697
-25.07128667831421
-25.070341110229492
-25.069692611694336
-25.068855047225952
-25.07142734527588
-25.070175409317017
-25.070557355880737
-25.06973361968994
-25.071101903915405
-25.069340705871582
-25.071035861968994
-25.06961464881897
-25.07084012031555
-25.07034206390381
-25.064500093460083
-25.069576501846313
-25.068644046783447
-25.07081890106201
-25.071117162704468
-25.06980061531067
-25.070832014083862
-25.070123195648193
-25.071549892425537
-25.069584608078003
-25.07021975517273
-25.070242881774902
-25.061429262161255
-25.0713152885437
-25.070568799972534
-25.070504188537598
-25.070948600769043
-25.069962739944458
-25.071256399154663
-25.06981873512268
-25.071414709091187
-25.06986165046692
-25.07034158706665
-25.06935977935791
-25.07046627998352
-25.07017183303833
-25.071211576461792
-25.069748163223267
-25.071377515792847
-25.07066321372986
-25.070555686950684
-25.070221424102783
-25.07081913948059
-25.069865703582764
-25.069947481155396
-25.0700261592865
-25.07189631462097
-25.070478439331055
-25.071109533309937
-25.06920552253723
-25.071471214294434
-25.069555044174194
-25.070644855499268
-25.070023775100708
-25.07175350189209
-25.069815635681152
-25.07042169570923
-25.067689657211304
-25.067527770996094
-25.07062077522278
-25.071136474609375
-25.0711989402771
-25.070794582366943
-25.069873332977295
-25.070934057235718
-25.070109128952026
-25.07081389427185
-25.06967806816101
-25.07081627845764
-25.07028889656067
-25.071046113967896
-25.0713210105896
-25.070878267288208
-25.07111382484436
-25.069429636001587
-25.071619510650635
-25.069671154022217
-25.070722341537476
-25.069202661514282
-25.07086992263794
-25.068235397338867
-25.070767402648926
-25.069740295410156
-25.070679426193237
-25.070340871810913
-25.071356773376465
-25.06925368309021
-25.07125997543335
-25.07046365737915
-25.07059597969055
-25.069886922836304
-25.07108759880066
-25.070674180984497
-25.070700645446777
-25.07009720802307
-25.070287942886353
-25.06934094429016
-25.071604013442993
-25.069780588150024
-25.070814609527588
-25.069692611694336
-25.070565700531006
-25.07024621963501
-25.071287155151367
-25.070361614227295
-25.071166276931763
-25.070111989974976
-25.070757150650024
-25.07014489173889
-25.070888996124268
-25.070929050445557
-25.070515632629395
-25.069518566131592
-25.07071042060852
-25.06986403465271
-25.0704562664032
-25.06854486465454
-25.071093797683716
-25.06558609008789
-25.066691160202026
-25.0707848072052
-25.071343660354614
-25.07038974761963
-25.068431615829468
-25.069473266601562
-25.071038246154785
-25.069854736328125
-25.071422815322876
-25.069944620132446
-25.070998907089233
-25.07079029083252
-25.07107400894165
-25.07172703742981
-25.071038007736206
-25.07015585899353
-25.0701961517334
-25.070650100708008
-25.071494579315186
-25.07031559944153
-25.070554733276367
-25.071378231048584
-25.06950044631958
-25.071417808532715
-25.069481134414673
-25.070658445358276
-25.0703125
-25.071069955825806
-25.069987297058105
-25.071446657180786
-25.069854736328125
-25.07052493095398
-25.070428609848022
-25.066622734069824
-25.068631410598755
-25.070677518844604
-25.07037925720215
-25.07102942466736
-25.070555448532104
-25.070478916168213
-25.070960760116577
-25.07138228416443
-25.070425987243652
-25.0707905292511
-25.07087254524231
-25.070077896118164
-25.071208477020264
-25.070820808410645
-25.071635484695435
-25.0706467628479
-25.071539878845215
-25.070740699768066
-25.071080923080444
-25.070807218551636
-25.07093071937561
-25.071345329284668
-25.070842266082764
-25.07105302810669
-25.070635557174683
-25.0706946849823
-25.071003437042236
-25.071561098098755
-25.071035623550415
-25.07068133354187
-25.07127070426941
-25.071301221847534
-25.07125186920166
-25.071090698242188
-25.07054877281189
-25.07129430770874
-25.064363956451416
-25.064921617507935
-25.07045555114746
-25.07085657119751
-25.068897485733032
-25.070584535598755
-25.069636344909668
-25.07085919380188
-25.07044267654419
-25.07044816017151
-25.069974660873413
-25.071008682250977
-25.070070266723633
-25.069655418395996
-25.069701671600342
-25.07123041152954
-25.069356679916382
-25.070400953292847
-25.069446086883545
-25.070563316345215
-25.070383548736572
-25.070987224578857
-25.06905698776245
-25.070643424987793
-25.06978726387024
-25.07089900970459
-25.06983518600464
-25.07058572769165
-25.069671154022217
-25.070210456848145
-25.06932783126831
-25.070345401763916
-25.069337606430054
-25.070598363876343
-25.069173097610474
-25.070549726486206
-25.070579051971436
-25.06965446472168
-25.069801568984985
-25.070550441741943
-25.070824146270752
-25.071043014526367
-25.070131301879883
-25.071569204330444
-25.070234298706055
-25.070922374725342
-25.070248126983643
-25.070926904678345
-25.07001566886902
-25.070878982543945
-25.07073974609375
-25.07096266746521
-25.07004952430725
-25.068702459335327
-25.069937467575073
-25.07097363471985
-25.07144522666931
-25.070802927017212
-25.069854497909546
-25.070868968963623
-25.070927619934082
-25.071643352508545
-25.069737195968628
-25.07133984565735
-25.06943964958191
-25.070414543151855
-25.070493698120117
-25.07156753540039
-25.070058822631836
-25.070513486862183
-25.070449352264404
-25.070518970489502
-25.070034503936768
-25.07013964653015
-25.069912433624268
-25.07081699371338
-25.068732500076294
-25.07071566581726
-25.069706201553345
-25.07077145576477
-25.069422006607056
-25.070555210113525
-25.069629669189453
-25.071662664413452
-25.070446968078613
-25.07017707824707
-25.069337606430054
-25.07037329673767
-25.06984806060791
-25.070770025253296
-25.069839239120483
-25.071077823638916
-25.07013773918152
-25.070362329483032
-25.068758487701416
-25.070797443389893
-25.069740295410156
-25.07130002975464
-25.07015824317932
-25.071476936340332
-25.06956696510315
-25.070679664611816
-25.06972646713257
-25.0707905292511
-25.070262908935547
-25.070531129837036
-25.069496870040894
-25.069674253463745
-25.06804871559143
-25.070319175720215
-25.06939959526062
-25.07046604156494
-25.069572925567627
-25.070812225341797
-25.07021188735962
-25.0710506439209
-25.05804944038391
-25.071004390716553
-25.070357084274292
-25.071415185928345
-25.06969451904297
-25.070825815200806
-25.070247173309326
-25.069955587387085
-25.07035517692566
-25.070452213287354
-25.071722745895386
-25.070842504501343
-25.06988215446472
-25.07102680206299
-25.071264266967773
-25.071274757385254
-25.071284532546997
-25.071375608444214
-25.07042622566223
-25.067614316940308
-25.070485591888428
-25.067488193511963
-25.07154631614685
-25.071340322494507
-25.070377588272095
-25.070424556732178
-25.071151971817017
-25.071282386779785
-25.07133150100708
-25.07129740715027
-25.071404218673706
-25.07090187072754
-25.070948362350464
-25.07103419303894
-25.070186376571655
-25.069311141967773
-25.070574283599854
-25.070338487625122
-25.07093620300293
-25.069565296173096
-25.07074785232544
-25.06981658935547
-25.07145881652832
-25.069594621658325
-25.070589303970337
-25.06874418258667
-25.07176923751831
-25.069037199020386
-25.070313692092896
-25.069795846939087
-25.070428609848022
-25.069586277008057
-25.07162094116211
-25.069738626480103
-25.070454359054565
-25.069874048233032
-25.07039475440979
-25.07049250602722
-25.070631504058838
-25.069677591323853
-25.071218252182007
-25.069963932037354
-25.07099676132202
-25.07006287574768
-25.07085132598877
-25.06993556022644
-25.070325136184692
-25.069278240203857
-25.0702805519104
-25.07026243209839
-25.070679187774658
-25.069275617599487
-25.07148313522339
-25.070587396621704
-25.070086240768433
-25.069921493530273
-25.070448398590088
-25.07041835784912
-25.068379163742065
-25.069984436035156
-25.069353580474854
-25.071061849594116
-25.070494890213013
-25.069966316223145
-25.069841384887695
-25.070714712142944
-25.06881618499756
-25.071189165115356
-25.06458854675293
-25.070268392562866
-25.069350481033325
-25.07126212120056
-25.06994891166687
-25.07053256034851
-25.06934356689453
-25.070643424987793
-25.06953763961792
-25.06748676300049
-25.0686194896698
-25.070286512374878
-25.06943154335022
-25.070538759231567
-25.06843376159668
-25.070497751235962
-25.070404529571533
-25.07050895690918
-25.06965446472168
-25.0709969997406
-25.069473266601562
-25.070374727249146
-25.070376873016357
-25.07040786743164
-25.06946563720703
-25.069544553756714
-25.069190502166748
-25.070157527923584
-25.069027185440063
-25.070104837417603
-25.069609880447388
-25.058342456817627
-25.069411039352417
-25.068814992904663
-25.069129943847656
-25.071204900741577
-25.070537090301514
-25.0690336227417
-25.07014489173889
-25.07072401046753
-25.069916248321533
-25.071146488189697
-25.069549322128296
-25.070914268493652
-25.06857967376709
-25.07064127922058
-25.068950414657593
-25.070606470108032
-25.06828808784485
-25.071324110031128
-25.069926500320435
-25.070751190185547
-25.06934881210327
-25.06948947906494
-25.06957173347473
-25.070930242538452
-25.069027423858643
-25.07056999206543
-25.06962013244629
-25.070544481277466
-25.06993055343628
-25.07148575782776
-25.069369077682495
-25.070406913757324
-25.070509910583496
-25.053597450256348
-25.06957697868347
-25.070931673049927
-25.069603204727173
-25.070655345916748
-25.069281339645386
-25.070529460906982
-25.068418264389038
-25.070972204208374
-25.0697340965271
-25.070468187332153
-25.070054292678833
-25.070125341415405
-25.0692241191864
-25.07033920288086
-25.069963216781616
-25.071000337600708
-25.067467212677002
-25.07084369659424
-25.070190906524658
-25.070294857025146
-25.07102108001709
-25.071133852005005
-25.069233179092407
-25.07061505317688
-25.068947553634644
-25.07067036628723
-25.070773124694824
-25.07028603553772
-25.070908069610596
-25.07146692276001
-25.071484804153442
-25.070553064346313
-25.07165217399597
-25.070655822753906
-25.07060194015503
-25.070350170135498
-25.069584369659424
-25.07182216644287
-25.068841218948364
-25.069721221923828
-25.070033073425293
-25.070957899093628
-25.068283081054688
-25.07141923904419
-25.069448232650757
-25.07025456428528
-25.07047176361084
-25.068290948867798
-25.06925344467163
-25.06961727142334
-25.068790912628174
-25.07076930999756
-25.070053100585938
-25.07144069671631
-25.069117784500122
-25.070231199264526
-25.069298028945923
-25.07037901878357
-25.065457105636597
-25.070775508880615
-25.07028603553772
-25.071037769317627
-25.069222688674927
-25.07046604156494
-25.069988012313843
-25.070040464401245
-25.069185733795166
-25.070920944213867
-25.06999945640564
-25.070961952209473
-25.06968641281128
-25.070343255996704
-25.070438861846924
-25.070882320404053
-25.069974899291992
-25.070019721984863
-25.069828271865845
-25.07101607322693
-25.070030212402344
-25.07079267501831
-25.06890344619751
-25.070485591888428
-25.069749355316162
-25.070959091186523
-25.070451498031616
-25.070393085479736
-25.068596839904785
-25.0706684589386
-25.070223093032837
-25.070799589157104
-25.06987476348877
-25.070078372955322
-25.069483041763306
-25.070610284805298
-25.069697380065918
-25.07052445411682
-25.06991744041443
-25.071018934249878
-25.069326877593994
-25.0640070438385
-25.065664291381836
-25.07096552848816
-25.070080041885376
-25.07075047492981
-25.06984281539917
-25.070873022079468
-25.07085680961609
-25.07089400291443
-25.071131706237793
-25.070770740509033
-25.070621728897095
-25.070642948150635
-25.0693097114563
-25.070602893829346
-25.069274425506592
-25.071393966674805
-25.069557666778564
-25.070818424224854
-25.069921493530273
-25.07097339630127
-25.070470809936523
-25.07051944732666
-25.069233417510986
-25.070217847824097
-25.06944489479065
-25.070725917816162
-25.070599794387817
-25.070178031921387
-25.069292545318604
-25.070374250411987
-25.07050848007202
-25.068809270858765
-25.06973123550415
-25.070843935012817
-25.0694899559021
-25.070974111557007
-25.0695378780365
-25.068702697753906
-25.070338010787964
-25.071033716201782
-25.069623231887817
-25.070676565170288
-25.068339586257935
-25.070390939712524
-25.07029676437378
-25.071314811706543
-25.06840467453003
-25.07144284248352
-25.069592237472534
-25.07055950164795
-25.07045269012451
-25.070502281188965
-25.069502115249634
-25.07150435447693
-25.06898331642151
-25.07058095932007
-25.069183826446533
-25.070611476898193
-25.070388793945312
-25.071334838867188
-25.05923581123352
-25.067360401153564
-25.06971049308777
-25.07071828842163
-25.06988525390625
-25.070939540863037
-25.06946349143982
-25.07035779953003
-25.07036304473877
-25.071001291275024
-25.07055354118347
-25.070334911346436
-25.071383476257324
-25.070419311523438
-25.071290493011475
-25.070226669311523
-25.06995964050293
-25.069963455200195
-25.070057153701782
-25.059131145477295
-25.061604022979736
-25.063742637634277
-25.07028818130493
-25.06940197944641
-25.070703506469727
-25.06911587715149
-25.070982933044434
-25.069661617279053
-25.070473670959473
-25.06896710395813
-25.068716526031494
-25.069501638412476
-25.07111096382141
-25.070112228393555
-25.07041072845459
-25.06943440437317
-25.07034707069397
-25.06840705871582
-25.069321393966675
-25.06992530822754
-25.07050132751465
-25.070101022720337
-25.07064437866211
-25.070120573043823
-25.066413402557373
-25.068371057510376
-25.068798542022705
-25.069911241531372
-25.070037126541138
-25.069111108779907
-25.07015872001648
-25.06329846382141
-25.071037530899048
-25.070350408554077
-25.071310997009277
-25.069406509399414
-25.0709228515625
-25.069963932037354
-25.07105827331543
-25.069063901901245
-25.070133686065674
-25.067625999450684
-25.07025170326233
-25.06949806213379
-25.06929087638855
-25.06968903541565
-25.07152223587036
-25.064608812332153
-25.068007707595825
-25.06833291053772
-25.06890034675598
-25.06504464149475
-25.07017683982849
-25.069965600967407
-25.06998085975647
-25.069741010665894
-25.071009159088135
-25.068650722503662
-25.070836544036865
-25.06988286972046
-25.070581197738647
-25.071237325668335
-25.070216178894043
-25.070581436157227
-25.069737911224365
-25.070168256759644
-25.07108783721924
-25.071080684661865
-25.07013463973999
-25.071322441101074
-25.07101321220398
-25.070430755615234
-25.07047724723816
-25.071101188659668
-25.070244073867798
-25.070321083068848
-25.07139539718628
-25.0704562664032
-25.070505142211914
-25.06985902786255
-25.070297956466675
-25.0703604221344
-25.070115327835083
-25.070502519607544
-25.070863485336304
-25.070938110351562
-25.070053339004517
-25.070094347000122
-25.071154832839966
-25.07084012031555
-25.07140064239502
-25.071648120880127
-25.07078194618225
-25.06948184967041
-25.069578886032104
-25.070873022079468
-25.070971727371216
-25.069978713989258
-25.0626802444458
-25.069305896759033
-25.070507287979126
-25.069613695144653
-25.07036304473877
-25.069578647613525
-25.054659128189087
-25.069774389266968
-25.069841146469116
-25.0698823928833
-25.07052993774414
-25.06954288482666
-25.069616079330444
-25.06666922569275
-25.068264961242676
-25.06831121444702
-25.064505338668823
-25.067951202392578
-25.06936264038086
-25.070922374725342
-25.06930947303772
-25.070756912231445
-25.068981647491455
-25.069937705993652
-25.06898331642151
-25.069729566574097
-25.06470513343811
-25.06930446624756
-25.06929850578308
-25.069528102874756
-25.06905961036682
-25.07001805305481
-25.068675994873047
-25.070714235305786
-25.07086205482483
-25.070071935653687
-25.069434642791748
-25.069969415664673
-25.068912744522095
-25.069936990737915
-25.069474458694458
-25.071099281311035
-25.06842541694641
-25.06928014755249
-25.068842887878418
-25.07029962539673
-25.06921911239624
-25.070786237716675
-25.06898522377014
-25.069600820541382
-25.069647789001465
-25.069042921066284
-25.06794285774231
-25.07075548171997
-25.068130016326904
-25.070199012756348
-25.068342924118042
-25.07061266899109
-25.068662881851196
-25.069706678390503
-25.07025980949402
-25.06981587409973
-25.068878650665283
-25.06893491744995
-25.06885814666748
-25.069816827774048
-25.069242477416992
-25.069319248199463
-25.069719791412354
-25.069433212280273
-25.068843603134155
-25.07023286819458
-25.06829047203064
-25.070547342300415
-25.069632530212402
-25.070209503173828
-25.06891632080078
-25.06999135017395
-25.069364309310913
-25.07043147087097
-25.069257020950317
-25.070339679718018
-25.068387985229492
-25.06232237815857
-25.068848848342896
-25.06989073753357
-25.069949626922607
-25.07026243209839
-25.069315195083618
-25.070289373397827
-25.068907499313354
-25.070479154586792
-25.069360971450806
-25.06969165802002
-25.068739891052246
-25.070194721221924
-25.070232629776
-25.070281982421875
-25.069363832473755
-25.06938934326172
-25.069427967071533
-25.070462703704834
-25.06902575492859
-25.070083379745483
-25.06865644454956
-25.070106029510498
-25.069119215011597
-25.07116675376892
-25.069250345230103
-25.070022106170654
-25.06808352470398
-25.069711923599243
-25.06978750228882
-25.071430206298828
-25.069745540618896
-25.069727897644043
-25.069799184799194
-25.070441484451294
-25.06870675086975
-25.06966471672058
-25.068608045578003
-25.062936782836914
-25.068789958953857
-25.070356607437134
-25.06960391998291
-25.07030463218689
-25.07058095932007
-25.070607662200928
-25.06856656074524
-25.070154190063477
-25.069182872772217
-25.069751262664795
-25.06950855255127
-25.071213245391846
-25.069273471832275
-25.05794382095337
-25.068952322006226
-25.069647550582886
-25.069684505462646
-25.069717407226562
-25.069043397903442
-25.07062840461731
-25.068123817443848
-25.070056676864624
-25.06813645362854
-25.065449714660645
-25.067494869232178
-25.071142435073853
-25.069851398468018
-25.069902658462524
-25.070684909820557
-25.070724725723267
-25.064387798309326
-25.07078194618225
-25.070305347442627
-25.07000732421875
-25.06906485557556
-25.07046937942505
-25.07052206993103
-25.069177627563477
-25.067375421524048
-25.06982159614563
-25.069252014160156
-25.07060933113098
-25.070630073547363
-25.070337772369385
-25.070669889450073
-25.070862531661987
-25.067959308624268
-25.07100009918213
-25.06605887413025
-25.07010507583618
-25.069148540496826
-25.07081627845764
-25.06984782218933
-25.0699520111084
-25.069710731506348
-25.070802211761475
-25.069947242736816
-25.07020401954651
-25.069562196731567
-25.070829391479492
-25.069888830184937
-25.070682764053345
-25.07010293006897
-25.05882430076599
-25.06536316871643
-25.070407152175903
-25.070461988449097
-25.07065224647522
-25.068722248077393
-25.07046627998352
-25.069514274597168
-25.070204496383667
-25.069153785705566
-25.070953845977783
-25.07152247428894
-25.071447134017944
-25.069611310958862
-25.069591283798218
-25.070610523223877
-25.070210456848145
-25.070179224014282
-25.07021427154541
-25.069639444351196
-25.069762468338013
-25.06885576248169
-25.070793867111206
-25.0702805519104
-25.070799589157104
-25.070655584335327
-25.07060408592224
-25.070849180221558
-25.07031774520874
-25.070173740386963
-25.070443630218506
-25.067052125930786
-25.06853985786438
-25.07070279121399
-25.070762634277344
-25.06981635093689
-25.070390462875366
-25.069345474243164
-25.070019483566284
-25.06804919242859
-25.07156777381897
-25.069159507751465
-25.07133388519287
-25.070316314697266
-25.069711923599243
-25.063745260238647
-25.070082664489746
-25.06924343109131
-25.064488649368286
-25.06937336921692
-25.07131791114807
-25.069880723953247
-25.069830417633057
-25.069271326065063
-25.05915904045105
-25.068134307861328
-25.070560455322266
-25.069475173950195
-25.060086488723755
-25.06967258453369
-25.06975293159485
-25.069128274917603
-25.06924319267273
-25.062121152877808
-25.063541650772095
-25.06832718849182
-25.070393323898315
-25.06932282447815
-25.070587635040283
-25.069631576538086
-25.07065200805664
-25.070040464401245
-25.070515632629395
-25.069424390792847
-25.070842266082764
-25.069929838180542
-25.07099437713623
-25.06987452507019
-25.07053303718567
-25.068300008773804
-25.07152771949768
-25.06959366798401
-25.07107663154602
-25.069413900375366
-25.07084608078003
-25.069372177124023
-25.070398807525635
-25.071458339691162
-25.069352865219116
-25.0704288482666
-25.06941056251526
-25.07077145576477
-25.068755865097046
-25.071224212646484
-25.070154190063477
-25.0705623626709
-25.070232152938843
-25.07024359703064
-25.070722341537476
-25.070830821990967
-25.069838523864746
-25.071182012557983
-25.07010293006897
-25.070472240447998
-25.069881200790405
-25.07063126564026
-25.069637537002563
-25.070356130599976
-25.070401430130005
-25.07128620147705
-25.06975793838501
-25.070403575897217
-25.06982445716858
-25.070335388183594
-25.070005893707275
-25.0694899559021
-25.06958556175232
-25.071285486221313
-25.069634675979614
-25.07064962387085
-25.064939737319946
-25.06799602508545
-25.070686101913452
-25.070496797561646
-25.0695481300354
-25.070279598236084
-25.071061372756958
-25.069140195846558
-25.07012176513672
-25.068139791488647
-25.071641206741333
-25.06957197189331
-25.0717556476593
-25.06968402862549
-25.07089352607727
-25.069694995880127
-25.07072424888611
-25.069307565689087
-25.070385456085205
-25.069491624832153
-25.070568561553955
-25.070266246795654
-25.07027769088745
-25.06959867477417
-25.07040500640869
-25.070425510406494
-25.0704402923584
-25.069628715515137
-25.07089591026306
-25.06928563117981
-25.070440769195557
-25.06963324546814
-25.070597171783447
-25.069554328918457
-25.07104206085205
-25.068971872329712
-25.070257663726807
-25.06929922103882
-25.0698823928833
-25.065915822982788
-25.069284915924072
-25.070409059524536
-25.069833993911743
-25.067615032196045
-25.071139574050903
-25.069701433181763
-25.070764541625977
-25.069881200790405
-25.07046389579773
-25.06941246986389
-25.070456504821777
-25.069639444351196
-25.07071876525879
-25.06891965866089
-25.07072138786316
-25.070584297180176
-25.071107625961304
-25.069173097610474
-25.070436239242554
-25.069506883621216
-25.07021689414978
-25.070517778396606
-25.07056760787964
-25.070061445236206
-25.070110321044922
-25.068470239639282
-25.06951069831848
-25.06936526298523
-25.070345640182495
-25.069413423538208
-25.070427417755127
-25.070287704467773
-25.071351528167725
-25.070876836776733
-25.06988024711609
-25.066566705703735
-25.07162356376648
-25.06901216506958
-25.070085525512695
-25.070709705352783
-25.07136631011963
-25.069805145263672
-25.070536136627197
-25.06905221939087
-25.070693969726562
-25.069949865341187
-25.070286512374878
-25.07067346572876
-25.069910287857056
-25.0709490776062
-25.07068109512329
-25.070064544677734
-25.07011127471924
-25.069523096084595
-25.070332765579224
-25.06883215904236
-25.07065463066101
-25.068684816360474
-25.070737838745117
-25.069040298461914
-25.07075262069702
-25.068394899368286
-25.070277214050293
-25.06736135482788
-25.07077407836914
-25.07064414024353
-25.070394277572632
-25.067463397979736
-25.07057285308838
-25.07100486755371
-25.070451498031616
-25.07150650024414
-25.07066822052002
-25.070521116256714
-25.070362091064453
-25.070298433303833
-25.069997787475586
-25.07100510597229
-25.07096791267395
-25.070161819458008
-25.070909023284912
-25.06899094581604
-25.070073127746582
-25.06968903541565
-25.070748805999756
-25.069177627563477
-25.0712468624115
-25.06956124305725
-25.070323944091797
-25.06982660293579
-25.07117509841919
-25.070151805877686
-25.07061195373535
-25.069743156433105
-25.070244550704956
-25.06978678703308
-25.070626497268677
-25.070717573165894
-25.070706844329834
-25.070380926132202
-25.071206092834473
-25.07058596611023
-25.07062602043152
-25.069136142730713
-25.070348978042603
-25.070112943649292
-25.071377754211426
-25.069374561309814
-25.070359230041504
-25.070435047149658
-25.070494890213013
-25.069623470306396
-25.070690393447876
-25.069491147994995
-25.070261240005493
-25.06869077682495
-25.070732355117798
-25.06937050819397
-25.070454835891724
-25.06948709487915
-25.070507287979126
-25.06996440887451
-25.07117748260498
-25.069204330444336
-25.07035207748413
-25.069727659225464
-25.070396184921265
-25.068945169448853
-25.071020126342773
-25.069169282913208
-25.070585012435913
-25.069319248199463
-25.071276664733887
-25.06953239440918
-25.071547746658325
-25.068122386932373
-25.07067584991455
-25.069666147232056
-25.070698022842407
-25.069782257080078
-25.070464611053467
-25.070504188537598
-25.070707321166992
-25.07065200805664
-25.069690227508545
-25.071255207061768
-25.069817066192627
-25.070613384246826
-25.070732593536377
-25.070144414901733
-25.069334268569946
-25.071009159088135
-25.068492650985718
-25.070528507232666
-25.069114446640015
-25.07041835784912
-25.06954312324524
-25.069756269454956
-25.06986713409424
-25.07042956352234
-25.069695711135864
-25.069772005081177
-25.068856239318848
-25.07089638710022
-25.070597887039185
-25.071029663085938
-25.068880319595337
-25.07115364074707
-25.069839477539062
-25.07112145423889
-25.06975293159485
-25.070817947387695
-25.069764375686646
-25.0713472366333
-25.06947684288025
-25.07047700881958
-25.06896710395813
-25.0709228515625
-25.070305824279785
-25.070133447647095
-25.069347620010376
-25.070103406906128
-25.06951069831848
-25.070584774017334
-25.069572687149048
-25.068371534347534
-25.067613124847412
-25.06921362876892
-25.069398880004883
-25.070770025253296
-25.069258451461792
-25.070302486419678
-25.06987738609314
-25.070361137390137
-25.06941533088684
-25.071223497390747
-25.069352388381958
-25.070080757141113
-25.07009220123291
-25.07016110420227
-25.070175647735596
-25.067765712738037
-25.069806575775146
-25.07054877281189
-25.07017707824707
-25.071080207824707
-25.06915259361267
-25.071308374404907
-25.069334268569946
-25.07042121887207
-25.069161891937256
-25.06986093521118
-25.069448709487915
-25.070353507995605
-25.06886649131775
-25.07089614868164
-25.06908655166626
-25.070668697357178
-25.06919288635254
-25.071325540542603
-25.069772720336914
-25.070833206176758
-25.070343494415283
-25.070844411849976
-25.06877899169922
-25.07106637954712
-25.069692373275757
-25.070733308792114
-25.070370197296143
-25.070298433303833
-25.069867610931396
-25.070703983306885
-25.06916832923889
-25.070664167404175
-25.069464921951294
-25.071265697479248
-25.069435834884644
-25.070502996444702
-25.069475173950195
-25.07153868675232
-25.069587469100952
-25.07133650779724
-25.06939125061035
-25.070796728134155
-25.069225549697876
-25.07108998298645
-25.069351196289062
-25.07003092765808
-25.06980538368225
-25.07012152671814
-25.069167137145996
-25.07131576538086
-25.069382429122925
-25.070634365081787
-25.069257020950317
-25.07076644897461
-25.06525707244873
-25.070286512374878
-25.070126056671143
-25.070173501968384
-25.069417238235474
-25.070948600769043
-25.067036867141724
-25.071054220199585
-25.069838762283325
-25.070266485214233
-25.069897413253784
-25.069713830947876
-25.07077193260193
-25.070173263549805
-25.070167303085327
-25.0702383518219
-25.070845127105713
-25.06956672668457
-25.070674896240234
-25.068286657333374
-25.070580005645752
-25.069233655929565
-25.070882558822632
-25.06892704963684
-25.070932388305664
-25.070193767547607
-25.070231199264526
-25.070146322250366
-25.071192026138306
-25.070273637771606
-25.07038950920105
-25.069661855697632
-25.070602893829346
-25.069627285003662
-25.070823431015015
-25.069947957992554
-25.07031536102295
-25.069166660308838
-25.069175243377686
-25.069107055664062
-25.070693731307983
-25.069227933883667
-25.070645093917847
-25.069891691207886
-25.07028031349182
-25.06960654258728
-25.070378303527832
-25.069440126419067
-25.071434259414673
-25.069135427474976
-25.069788455963135
-25.06914186477661
-25.06981110572815
-25.070270776748657
-25.070724725723267
-25.069997310638428
-25.071221113204956
-25.06928062438965
-25.07118272781372
-25.069421768188477
-25.070767402648926
-25.069435596466064
-25.070419311523438
-25.06853175163269
-25.07013964653015
-25.061606645584106
-25.070207118988037
-25.069815635681152
-25.07038927078247
-25.069398403167725
-25.06995415687561
-25.070213317871094
-25.06985092163086
-25.068976402282715
-25.071358919143677
-25.069395780563354
-25.070448398590088
-25.068400382995605
-25.070670127868652
-25.069127082824707
-25.070428133010864
-25.07010531425476
-25.070516109466553
-25.06961441040039
-25.070061445236206
-25.069591522216797
-25.069769859313965
-25.069536924362183
-25.071269750595093
-25.0695743560791
-25.07063937187195
-25.069473266601562
-25.071040391921997
-25.07011842727661
-25.07123899459839
-25.06932258605957
-25.07043147087097
-25.06991195678711
-25.070411682128906
-25.06929039955139
-25.069721221923828
-25.069716453552246
-25.071266889572144
-25.067902326583862
-25.070529460906982
-25.069989442825317
-25.07046365737915
-25.06950616836548
-25.070080757141113
-25.070255279541016
-25.070533514022827
-25.069560289382935
-25.070637464523315
-25.069719076156616
-25.070312976837158
-25.069687604904175
-25.070706129074097
-25.069242238998413
-25.069886684417725
-25.06945013999939
-25.071089029312134
-25.06985378265381
-25.069896936416626
-25.06904435157776
-25.070131301879883
-25.07127857208252
-25.070669174194336
-25.07024908065796
-25.07030177116394
-25.070672750473022
-25.07073140144348
-25.070960760116577
-25.070577383041382
-25.070987224578857
-25.068369388580322
-25.071038961410522
-25.070335626602173
-25.07063364982605
-25.070712089538574
-25.070947647094727
-25.068557739257812
-25.07060670852661
-25.069969177246094
-25.071340322494507
-25.069176197052002
-25.070685625076294
-25.068952560424805
-25.069859743118286
-25.069848775863647
-25.06990647315979
-25.069990158081055
-25.07070565223694
-25.069745779037476
-25.070789575576782
-25.069908142089844
-25.071415662765503
-25.070011377334595
-25.07089328765869
-25.06952166557312
-25.07029962539673
-25.06953763961792
-25.07004141807556
-25.0689640045166
-25.07043743133545
-25.06948232650757
-25.069911241531372
-25.068716049194336
-25.070724487304688
-25.06957697868347
-25.070223808288574
-25.069945096969604
-25.070465803146362
-25.069782972335815
-25.064852714538574
-25.06824517250061
-25.07033109664917
-25.0675368309021
-25.06959819793701
-25.070378065109253
-25.07042384147644
-25.067055225372314
-25.070128917694092
-25.070487022399902
-25.07056474685669
-25.059019088745117
-25.07111644744873
-25.062182426452637
-25.070352792739868
-25.067567586898804
-25.0707266330719
-25.069437980651855
-25.070483684539795
-25.069068670272827
-25.070401906967163
-25.06936740875244
-25.070693254470825
-25.06879162788391
-25.066935539245605
-25.06900143623352
-25.0710666179657
-25.069130182266235
-25.070801496505737
-25.06956458091736
-25.069910764694214
-25.069154739379883
-25.069997310638428
-25.069175958633423
-25.07033681869507
-25.06942081451416
-25.06982707977295
-25.069414138793945
-25.070083141326904
-25.069546699523926
-25.07051181793213
-25.069866180419922
-25.07064390182495
-25.069653749465942
-25.069610357284546
-25.06931710243225
-25.071685314178467
-25.069132566452026
-25.071168899536133
-25.069469690322876
-25.070788145065308
-25.069920778274536
-25.070571660995483
-25.069677591323853
-25.071047067642212
-25.0689857006073
-25.070807456970215
-25.06984782218933
-25.070910215377808
-25.070003271102905
-25.070235013961792
-25.070117235183716
-25.070863485336304
-25.06993341445923
-25.070507526397705
-25.069247245788574
-25.07029938697815
-25.069581985473633
-25.07038402557373
-25.066123008728027
-25.070571422576904
-25.058618783950806
-25.069798469543457
-25.06904172897339
-25.069780826568604
-25.069193363189697
-25.071289539337158
-25.067564964294434
-25.070655822753906
-25.069969415664673
-25.07054328918457
-25.0695960521698
-25.07072377204895
-25.069772005081177
-25.07030439376831
-25.070019245147705
-25.070493459701538
-25.069494009017944
-25.070521593093872
-25.069014072418213
-25.071553468704224
-25.069618225097656
-25.070982933044434
-25.06901264190674
-25.070443153381348
-25.069167613983154
-25.071263313293457
-25.06935453414917
-25.070677280426025
-25.070239782333374
-25.070619344711304
-25.069519996643066
-25.070492029190063
-25.0705668926239
-25.070050477981567
-25.07008934020996
-25.070902585983276
-25.069493532180786
-25.071284294128418
-25.07036852836609
-25.070265293121338
-25.06964898109436
-25.07067561149597
-25.069767951965332
-25.071102142333984
-25.069138526916504
-25.070226192474365
-25.069688320159912
-25.071207284927368
-25.069759368896484
-25.071535348892212
-25.069746732711792
-25.070794582366943
-25.069791793823242
-25.06987452507019
-25.068917751312256
-25.071433305740356
-25.070695161819458
-25.070861339569092
-25.06902551651001
-25.07088804244995
-25.06967067718506
-25.070185899734497
-25.06951880455017
-25.07036542892456
-25.069579124450684
-25.068651914596558
-25.06909155845642
-25.07026219367981
-25.069997787475586
-25.07065510749817
-25.06962537765503
-25.071267127990723
-25.069342136383057
-25.069844722747803
-25.070424795150757
-25.070911645889282
-25.069986581802368
-25.071025371551514
-25.06961679458618
-25.070682764053345
-25.069010019302368
-25.07106637954712
-25.069733381271362
-25.070744514465332
-25.06606698036194
-25.071056127548218
-25.069124937057495
-25.070305347442627
-25.069777727127075
-25.06983995437622
-25.069061040878296
-25.07102656364441
-25.070024013519287
-25.070518732070923
-25.069788932800293
-25.069956302642822
-25.07101798057556
-25.070202589035034
-25.07024598121643
-25.069824695587158
-25.07140016555786
-25.070459842681885
-25.07043766975403
-25.071072816848755
-25.07068681716919
-25.069729566574097
-25.070794820785522
-25.070923805236816
-25.07144546508789
-25.068830013275146
-25.07100510597229
-25.069161891937256
-25.070180892944336
-25.068206310272217
-25.070213794708252
-25.069307327270508
-25.07064461708069
-25.069715976715088
-25.070777416229248
-25.0628821849823
-25.067177772521973
-25.068649291992188
-25.070215225219727
-25.069300413131714
-25.071379899978638
-25.069356679916382
-25.070945501327515
-25.068567276000977
-25.070640087127686
-25.069570302963257
-25.07072877883911
-25.070107221603394
-25.070857048034668
-25.07014036178589
-25.070468187332153
-25.070026397705078
-25.07034707069397
-25.06952953338623
-25.070589542388916
-25.069766521453857
-25.070390701293945
-25.070420265197754
-25.070507287979126
-25.06946897506714
-25.070208311080933
-25.069527626037598
-25.070263862609863
-25.069355726242065
-25.070643424987793
-25.06971549987793
-25.070204734802246
-25.06912136077881
-25.070313215255737
-25.069369077682495
-25.07102608680725
-25.06959366798401
-25.069663286209106
-25.06905436515808
-25.070711135864258
-25.068792581558228
-25.071231365203857
-25.06947159767151
-25.07019591331482
-25.06877326965332
-25.070709943771362
-25.069031953811646
-25.0700523853302
-25.069149017333984
-25.068968057632446
-25.069504737854004
-25.06997799873352
-25.069340705871582
-25.070501565933228
-25.070082187652588
-25.070396900177002
-25.069529056549072
-25.070719718933105
-25.069790363311768
-25.070871114730835
-25.069812774658203
-25.07090425491333
-25.069364309310913
-25.069329500198364
-25.070362329483032
-25.07120370864868
-25.06920838356018
-25.07058572769165
-25.069531440734863
-25.070230960845947
-25.068955183029175
-25.070022583007812
-25.06993341445923
-25.07009530067444
-25.069652318954468
-25.070748567581177
-25.064425468444824
-25.07135844230652
-25.06545639038086
-25.066505193710327
-25.06851840019226
-25.07057237625122
-25.06861424446106
-25.069687843322754
-25.06873106956482
-25.069769144058228
-25.069828748703003
-25.071093320846558
-25.068960189819336
-25.069189071655273
-25.069681644439697
-25.070945978164673
-25.069637775421143
-25.069749116897583
-25.069257736206055
-25.070274591445923
-25.069064378738403
-25.07014298439026
-25.06950044631958
-25.07060718536377
-25.069653034210205
-25.0698401927948
-25.06891679763794
-25.07052445411682
-25.068796396255493
-25.0701003074646
-25.07001805305481
-25.07008147239685
-25.070165395736694
-25.070613145828247
-25.069562435150146
-25.0702645778656
-25.069377422332764
-25.064764738082886
-25.06954312324524
-25.070736408233643
-25.069489240646362
-25.070552110671997
-25.070030689239502
-25.07106041908264
-25.06961488723755
-25.07041049003601
-25.06594204902649
-25.070767164230347
-25.069878816604614
-25.069920539855957
-25.070030689239502
-25.070961236953735
-25.07100796699524
-25.07084584236145
-25.070476531982422
-25.070078372955322
-25.069280862808228
-25.069267511367798
-25.070268869400024
-25.070017337799072
-25.06961679458618
-25.069140195846558
-25.071349620819092
-25.069337129592896
-25.070435285568237
-25.068947315216064
-25.07056760787964
-25.06934666633606
-25.070540189743042
-25.069698333740234
-25.07073473930359
-25.06842279434204
-25.07091450691223
-25.068464517593384
-25.070544958114624
-25.070024251937866
-25.070082426071167
-25.069049835205078
-25.070983171463013
-25.069954872131348
-25.07006311416626
-25.070249557495117
-25.070824146270752
-25.069706678390503
-25.070740699768066
-25.06948447227478
-25.07099461555481
-25.06924033164978
-25.070773363113403
-25.06884455680847
-25.069600820541382
-25.069124460220337
-25.070740461349487
-25.0700740814209
-25.067179679870605
-25.069625854492188
-25.07067346572876
-25.069215536117554
-25.07113265991211
-25.068716764450073
-25.07083296775818
-25.06949758529663
-25.070930004119873
-25.0695059299469
-25.071280479431152
-25.06932020187378
-25.07103991508484
-25.069279432296753
-25.070317268371582
-25.06917643547058
-25.069233417510986
-25.06811022758484
-25.070171356201172
-25.069239377975464
-25.070352792739868
-25.06893801689148
-25.071031093597412
-25.069079637527466
-25.070107221603394
-25.070014238357544
-25.06952929496765
-25.068729162216187
-25.07109522819519
-25.07012939453125
-25.070705890655518
-25.067723035812378
-25.07082223892212
-25.068812370300293
-25.070017337799072
-25.069534301757812
-25.07102656364441
-25.070037841796875
-25.071131467819214
-25.06925892829895
-25.070940732955933
-25.069517135620117
-25.06694722175598
-25.069207906723022
-25.0705828666687
-25.069406270980835
-25.07105803489685
-25.06912899017334
-25.070574283599854
-25.069643020629883
-25.07075023651123
-25.06982445716858
-25.070882558822632
-25.069997310638428
-25.070810317993164
-25.0689058303833
-25.070507526397705
-25.068899154663086
-25.07055115699768
-25.069319009780884
-25.07055139541626
-25.069612741470337
-25.070017337799072
-25.070363521575928
-25.070146799087524
-25.068567276000977
-25.070998430252075
-25.069283485412598
-25.071179389953613
-25.06389093399048
-25.068458080291748
-25.06879472732544
-25.07050919532776
-25.06653070449829
-25.06986427307129
-25.070067644119263
-25.070722341537476
-25.071149826049805
-25.070157766342163
-25.070263862609863
-25.070785760879517
-25.070799827575684
-25.0708429813385
-25.06998562812805
-25.070029258728027
-25.070640325546265
-25.07060933113098
-25.062920808792114
-25.070209741592407
-25.07038950920105
-25.070516347885132
-25.07030200958252
-25.070395708084106
-25.070356607437134
-25.0684597492218
-25.071046829223633
-25.069249629974365
-25.07051181793213
-25.0690860748291
-25.07093644142151
-25.06997060775757
-25.07088279724121
-25.070035934448242
-25.06258273124695
-25.06959557533264
-25.071125030517578
-25.069125175476074
-25.069603204727173
-25.069191217422485
-25.06985902786255
-25.06933856010437
-25.070435523986816
-25.06947135925293
-25.07098126411438
-25.069077730178833
-25.070591926574707
-25.06975483894348
-25.070517539978027
-25.069249391555786
-25.070204973220825
-25.069735527038574
-25.07081389427185
-25.068633317947388
-25.071048498153687
-25.070084810256958
-25.070673942565918
-25.069106101989746
-25.070142030715942
-25.06889533996582
-25.07090973854065
-25.07015633583069
-25.07085657119751
-25.0689377784729
-25.057981491088867
-25.069594144821167
-25.07063913345337
-25.07113027572632
-25.071202278137207
-25.06929612159729
-25.070461750030518
-25.07017159461975
-25.070392370224
-25.070189476013184
-25.070961713790894
-25.070076942443848
-25.069356441497803
-25.07032537460327
-25.069622039794922
-25.070433139801025
-25.06950879096985
-25.070549726486206
-25.069520711898804
-25.07094097137451
-25.06903886795044
-25.070754766464233
-25.069901943206787
-25.07031011581421
-25.069409370422363
-25.06948709487915
-25.068744659423828
-25.07028317451477
-25.069185972213745
-25.070151805877686
-25.068880319595337
-25.07008147239685
-25.070138692855835
-25.070205688476562
-25.069801330566406
-25.069838047027588
-25.069677591323853
-25.07006597518921
-25.06922674179077
-25.070194482803345
-25.070037364959717
-25.070101022720337
-25.068742752075195
-25.07012128829956
-25.06918692588806
-25.07085347175598
-25.069907188415527
-25.070732355117798
-25.06873893737793
-25.070684909820557
-25.06979751586914
-25.07032585144043
-25.069191932678223
-25.071028470993042
-25.06844210624695
-25.07116174697876
-25.068970918655396
-25.06877827644348
-25.069812059402466
-25.07106637954712
-25.069689512252808
-25.070760488510132
-25.070818185806274
-25.070594310760498
-25.069670915603638
-25.0697181224823
-25.069788217544556
-25.07053804397583
-25.06861925125122
-25.070433378219604
-25.06952953338623
-25.070563077926636
-25.068663358688354
-25.070920705795288
-25.07035493850708
-25.070474863052368
-25.06951928138733
-25.070587396621704
-25.06432819366455
-25.06938362121582
-25.069902181625366
-25.070964097976685
-25.069011449813843
-25.068061351776123
-25.069095849990845
-25.069647312164307
-25.066707849502563
-25.07076120376587
-25.070286750793457
-25.070308446884155
-25.068703413009644
-25.069355964660645
-25.069546222686768
-25.069355010986328
-25.068665742874146
-25.069279670715332
-25.06779956817627
-25.07025456428528
-25.068134784698486
-25.07071542739868
-25.070055961608887
-25.070598363876343
-25.058865785598755
-25.069874048233032
-25.06943988800049
-25.070030689239502
-25.06808614730835
-25.069138765335083
-25.069883584976196
-25.069950103759766
-25.06872296333313
-25.070672750473022
-25.069730043411255
-25.070220708847046
-25.06926965713501
-25.0706787109375
-25.06858777999878
-25.069602012634277
-25.06867265701294
-25.069721698760986
-25.068766593933105
-25.070723295211792
-25.069154024124146
-25.071197986602783
-25.070281744003296
-25.069901704788208
-25.069955587387085
-25.06962299346924
-25.069828033447266
-25.06905221939087
-25.070395708084106
-25.07041311264038
-25.069457292556763
-25.07010293006897
-25.07089114189148
-25.069233655929565
-25.071085453033447
-25.070640802383423
-25.069676876068115
-25.070420742034912
-25.070095777511597
-25.070460081100464
-25.070010900497437
-25.070079565048218
-25.071115970611572
-25.070348978042603
-25.06939697265625
-25.070256233215332
-25.070072650909424
-25.070645093917847
-25.06978154182434
-25.066562175750732
-25.069722890853882
-25.067162036895752
-25.07019877433777
-25.069247007369995
-25.070220708847046
-25.067225217819214
-25.069621801376343
-25.06867003440857
-25.068710327148438
-25.069315910339355
-25.070307970046997
-25.06887125968933
-25.06972050666809
-25.068978786468506
-25.069703102111816
-25.067057847976685
-25.07109498977661
-25.067601442337036
-25.069648027420044
-25.06849503517151
-25.06916832923889
-25.070263147354126
-25.069281339645386
-25.069367170333862
-25.070103645324707
-25.070124626159668
-25.067246198654175
-25.068309783935547
-25.07074546813965
-25.068920373916626
-25.07032608985901
-25.069737911224365
-25.070748805999756
-25.0701687335968
-25.070501804351807
-25.061638355255127
-25.07106614112854
-25.069637060165405
-25.07115912437439
-25.07108783721924
-25.069623470306396
-25.07071280479431
-25.06943655014038
-25.070462465286255
-25.067104816436768
-25.070316553115845
-25.06837034225464
-25.069058179855347
-25.068576335906982
-25.069974184036255
-25.067036390304565
-25.06906747817993
-25.068366289138794
-25.070001125335693
-25.068665266036987
-25.069722175598145
-25.068774938583374
-25.069786071777344
-25.069573402404785
-25.069777250289917
-25.068008184432983
-25.07099747657776
-25.069197416305542
-25.070203065872192
-25.069367170333862
-25.0704083442688
-25.068252563476562
-25.069824695587158
-25.069795608520508
-25.070622444152832
-25.068077325820923
-25.07084083557129
-25.069202423095703
-25.070178747177124
-25.069048643112183
-25.07024884223938
-25.068954944610596
-25.070271968841553
-25.06934356689453
-25.07089877128601
-25.069549798965454
-25.07048010826111
-25.069539070129395
-25.070367336273193
-25.06970739364624
-25.07036018371582
-25.06918692588806
-25.070297479629517
-25.068896770477295
-25.070309162139893
-25.0698721408844
-25.070443153381348
-25.06961750984192
-25.07097601890564
-25.069857597351074
-25.069613456726074
-25.070674896240234
-25.070383310317993
-25.07005500793457
-25.068897485733032
-25.07030487060547
-25.070034742355347
-25.070122718811035
-25.069866180419922
-25.069632530212402
-25.06972646713257
-25.070074558258057
-25.067802906036377
-25.06986427307129
-25.06966757774353
-25.070839881896973
-25.06989574432373
-25.070924282073975
-25.069812297821045
-25.069267988204956
-25.069064378738403
-25.068889141082764
-25.069464921951294
-25.070388793945312
-25.068516731262207
-25.069586992263794
-25.066625833511353
-25.07061219215393
-25.069337129592896
-25.069586992263794
-25.06918168067932
-25.070609092712402
-25.066562175750732
-25.07060217857361
-25.0688738822937
-25.069960832595825
-25.068255186080933
-25.070295333862305
-25.069583892822266
-25.05533003807068
-25.07087206840515
-25.064817667007446
-25.067285537719727
-25.07009720802307
-25.060914039611816
-25.070967197418213
-25.063040256500244
-25.064085245132446
-25.0647714138031
-25.070676565170288
-25.06722927093506
-25.070017099380493
-25.06764554977417
-25.06605339050293
-25.065109729766846
-25.070176601409912
-25.06456160545349
-25.07033681869507
-25.06841468811035
-25.069759368896484
-25.05462336540222
-25.056243419647217
-25.069050073623657
-25.066116333007812
-25.069640159606934
-25.06999135017395
-25.07108426094055
-25.06218123435974
-25.07091212272644
-25.06993317604065
-25.06858730316162
-25.063165187835693
-25.069015741348267
-25.068058252334595
-25.070122241973877
-25.05787444114685
-25.05842399597168
-25.05800175666809
-25.063459873199463
-25.06698989868164
-25.070576906204224
-25.06365418434143
-25.06968927383423
-25.070685625076294
-25.067769765853882
-25.07068181037903
-25.068034887313843
-25.070550203323364
-25.06864881515503
-25.07044792175293
-25.069376230239868
-25.070427179336548
-25.0595281124115
-25.07002544403076
-25.068209886550903
-25.06829071044922
-25.06924867630005
-25.070561408996582
-25.06562566757202
-25.070518016815186
-25.06926965713501
-25.07038164138794
-25.067471981048584
-25.069591999053955
-25.067417860031128
-25.070643663406372
-25.069981575012207
-25.070446014404297
-25.069024085998535
-25.070653438568115
-25.068204402923584
-25.068831205368042
-25.06994390487671
-25.070480346679688
-25.068636894226074
-25.06984567642212
-25.07002854347229
-25.06523108482361
-25.06928563117981
-25.06958556175232
-25.06818675994873
-25.070577144622803
-25.069238424301147
-25.07063102722168
-25.069058656692505
-25.070151567459106
-25.063557863235474
-25.064546823501587
-25.068153381347656
-25.069759845733643
-25.068849325180054
-25.07047724723816
-25.069924354553223
-25.070762157440186
-25.06973958015442
-25.070584058761597
-25.069868564605713
-25.07117986679077
-25.069231510162354
-25.0704128742218
-25.069242238998413
-25.071521043777466
-25.068395376205444
-25.0709068775177
-25.068997859954834
-25.07107448577881
-25.069270849227905
-25.070470809936523
-25.069209098815918
-25.07005500793457
-25.069708347320557
-25.069814443588257
-25.069706201553345
-25.070385217666626
-25.06902503967285
-25.07028293609619
-25.069236755371094
-25.07057499885559
-25.06936478614807
-25.07004189491272
-25.069315910339355
-25.07025957107544
-25.06846857070923
-25.070528745651245
-25.06954312324524
-25.07044219970703
-25.06863236427307
-25.070209980010986
-25.0693199634552
-25.07036590576172
-25.068840980529785
-25.070170402526855
-25.069246292114258
-25.06776261329651
-25.068776607513428
-25.070745706558228
-25.06877565383911
-25.06984281539917
-25.068713903427124
-25.069928646087646
-25.070945262908936
-25.069987297058105
-25.069059371948242
-25.069077968597412
-25.06962490081787
-25.070664405822754
-25.07073736190796
-25.070558071136475
-25.070262908935547
-25.070178031921387
-25.07017970085144
-25.069839477539062
-25.070419788360596
-25.07097339630127
-25.07002353668213
-25.070499420166016
-25.071057558059692
-25.070836782455444
-25.07095742225647
-25.0696804523468
-25.070786476135254
-25.061890125274658
-25.063122987747192
-25.07013702392578
-25.07063579559326
-25.068716287612915
-25.070255041122437
-25.0703022480011
-25.057571411132812
-25.07060146331787
-25.070270538330078
-25.069434881210327
-25.070477724075317
-25.06960654258728
-25.07031536102295
-25.068357229232788
-25.06945300102234
-25.069633722305298
-25.07013750076294
-25.069727897644043
-25.069462060928345
-25.07061195373535
-25.07003426551819
-25.069373846054077
-25.070607900619507
-25.06962561607361
-25.07054090499878
-25.06918954849243
-25.070488214492798
-25.069655418395996
-25.070342540740967
-25.070391416549683
-25.069764852523804
-25.06870746612549
-25.070119380950928
-25.069222688674927
-25.06947922706604
-25.06839156150818
-25.069710969924927
-25.068456649780273
-25.07104778289795
-25.069162845611572
-25.06520414352417
-25.06663179397583
-25.070772647857666
-25.07103991508484
-25.069475650787354
-25.069938898086548
-25.070016384124756
-25.071114540100098
-25.070119380950928
-25.070497035980225
-25.069265604019165
-25.071131229400635
-25.069680213928223
-25.07019352912903
-25.06874942779541
-25.070998191833496
-25.069416284561157
-25.070305585861206
-25.06857395172119
-25.07101345062256
-25.069106817245483
-25.070273637771606
-25.06931757926941
-25.071086883544922
-25.069710969924927
-25.07011890411377
-25.069236278533936
-25.069936990737915
-25.067911863327026
-25.068955898284912
-25.069459438323975
-25.06991410255432
-25.068745613098145
-25.06978940963745
-25.068870306015015
-25.070122957229614
-25.06990385055542
-25.070394277572632
-25.067517280578613
-25.070789575576782
-25.06949806213379
-25.06963539123535
-25.06843900680542
-25.070104122161865
-25.068892002105713
-25.07054090499878
-25.06001877784729
-25.070007801055908
-25.070456504821777
-25.070785522460938
-25.071046829223633
-25.06973171234131
-25.070890188217163
-25.070979833602905
-25.070346355438232
-25.070656538009644
-25.070603847503662
-25.070887565612793
-25.0701003074646
-25.069825887680054
-25.069669723510742
-25.069297075271606
-25.068814754486084
-25.070987701416016
-25.069210052490234
-25.07061457633972
-25.06887125968933
-25.0699360370636
-25.07001280784607
-25.070045232772827
-25.070099592208862
-25.070592641830444
-25.06957459449768
-25.0706045627594
-25.069944143295288
-25.07103705406189
-25.068665266036987
-25.07076668739319
-25.06471037864685
-25.07018494606018
-25.068764448165894
-25.07032799720764
-25.069546222686768
-25.06969165802002
-25.0683376789093
-25.070022106170654
-25.068865060806274
-25.069361686706543
-25.069167137145996
-25.070502758026123
-25.069284200668335
-25.070413827896118
-25.068458557128906
-25.063513040542603
-25.06557607650757
-25.070380210876465
-25.06793737411499
-25.069990873336792
-25.069427728652954
-25.07056188583374
-25.06901741027832
-25.070680141448975
-25.06972599029541
-25.069421529769897
-25.069398641586304
-25.070544481277466
-25.069284677505493
-25.070106029510498
-25.069173097610474
-25.070307970046997
-25.068717002868652
-25.06969690322876
-25.06929636001587
-25.065865993499756
-25.069670915603638
-25.069962739944458
-25.069767236709595
-25.070247173309326
-25.06964111328125
-25.07009744644165
-25.06178617477417
-25.070367336273193
-25.070441484451294
-25.070494890213013
-25.07028579711914
-25.069359302520752
-25.0704288482666
-25.06995987892151
-25.070923566818237
-25.070600748062134
-25.071043014526367
-25.070231914520264
-25.070250749588013
-25.06967830657959
-25.070427656173706
-25.070321083068848
-25.06965398788452
-25.068753004074097
-25.069793462753296
-25.069626331329346
-25.06946611404419
-25.069445848464966
-25.071284294128418
-25.06962823867798
-25.07129192352295
-25.06945037841797
-25.070703983306885
-25.069783687591553
-25.070791006088257
-25.069637775421143
-25.069700002670288
-25.06800079345703
-25.07072925567627
-25.069812536239624
-25.069841623306274
-25.068705081939697
-25.070510149002075
-25.067962884902954
-25.070539712905884
-25.069620847702026
-25.071009635925293
-25.06219458580017
-25.069826126098633
-25.06999659538269
-25.069478034973145
